<?xml version="1.0" encoding="UTF-8" ?>
<testsuites id="2026-05-03" name="report_1" tests="12" failures="0" skipped="0" flaky="0" time="0.000">
	<testsuite id="0" name="hud_core_scaffold_test" package="tests/unit/feature/hud_core" timestamp="2026-05-03T03:38:57" hostname="localhost" tests="12" failures="0" errors="0" skipped="0" flaky="0" time="0.520">
		<testcase name="test_hud_core_root_is_canvas_layer_with_layer_index_one" classname="hud_core_scaffold_test" time="0.058">
		</testcase>
		<testcase name="test_hud_core_is_not_registered_as_autoload" classname="hud_core_scaffold_test" time="0.020">
		</testcase>
		<testcase name="test_hud_theme_loads_as_theme_resource" classname="hud_core_scaffold_test" time="0.014">
		</testcase>
		<testcase name="test_project_theme_loads" classname="hud_core_scaffold_test" time="0.014">
		</testcase>
		<testcase name="test_font_registry_at_22_px_returns_futura_branch" classname="hud_core_scaffold_test" time="0.022">
		</testcase>
		<testcase name="test_font_registry_at_15_px_returns_din_branch" classname="hud_core_scaffold_test" time="0.015">
		</testcase>
		<testcase name="test_font_registry_at_18_px_returns_futura_branch" classname="hud_core_scaffold_test" time="0.013">
		</testcase>
		<testcase name="test_font_registry_at_17_px_returns_din_branch" classname="hud_core_scaffold_test" time="0.014">
		</testcase>
		<testcase name="test_no_hardcoded_text_literals_in_hud_core_src" classname="hud_core_scaffold_test" time="0.014">
		</testcase>
		<testcase name="test_every_hud_control_has_mouse_filter_ignore_and_focus_none" classname="hud_core_scaffold_test" time="0.053">
		</testcase>
		<testcase name="test_hud_widget_tree_contains_all_required_widgets" classname="hud_core_scaffold_test" time="0.043">
		</testcase>
		<testcase name="test_hud_root_control_has_focus_disabled_recursively_meta" classname="hud_core_scaffold_test" time="0.039">
		</testcase>
	</testsuite>
</testsuites>
