<?xml version="1.0" encoding="UTF-8" ?>
<testsuites id="2026-05-03" name="report_1" tests="8" failures="2" skipped="0" flaky="0" time="0.000">
	<testsuite id="0" name="hud_core_prompt_strip_test" package="tests/unit/feature/hud_core" timestamp="2026-05-03T03:45:01" hostname="localhost" tests="8" failures="2" errors="0" skipped="0" flaky="0" time="0.473">
		<testcase name="test_target_present_and_hand_free_shows_interact_prompt" classname="hud_core_prompt_strip_test" time="0.057">
		</testcase>
		<testcase name="test_no_target_hides_prompt" classname="hud_core_prompt_strip_test" time="0.039">
			<failure message="FAILED: res://tests/unit/feature/hud_core/hud_core_prompt_strip_test.gd:72" type="FAILURE">
<![CDATA[
Expecting: 'false' but is 'true'
]]>
			</failure>
		</testcase>
		<testcase name="test_target_present_but_hand_busy_hides_prompt" classname="hud_core_prompt_strip_test" time="0.047">
			<failure message="FAILED: res://tests/unit/feature/hud_core/hud_core_prompt_strip_test.gd:96" type="FAILURE">
<![CDATA[
Expecting: 'false' but is 'true'
]]>
			</failure>
		</testcase>
		<testcase name="test_null_pc_hides_prompt_and_does_not_crash" classname="hud_core_prompt_strip_test" time="0.045">
		</testcase>
		<testcase name="test_text_write_change_guard_skips_redundant_writes" classname="hud_core_prompt_strip_test" time="0.049">
		</testcase>
		<testcase name="test_freed_target_falls_to_hidden_state" classname="hud_core_prompt_strip_test" time="0.049">
		</testcase>
		<testcase name="test_get_prompt_label_returns_same_label_used_by_resolver" classname="hud_core_prompt_strip_test" time="0.051">
		</testcase>
		<testcase name="test_hud_core_only_calls_authorised_pc_methods" classname="hud_core_prompt_strip_test" time="0.013">
		</testcase>
	</testsuite>
</testsuites>
