<?xml version="1.0" encoding="UTF-8" ?>
<testsuites id="2026-05-03" name="report_1" tests="10" failures="0" skipped="0" flaky="0" time="0.000">
	<testsuite id="0" name="hss_alert_cue_test" package="tests/unit/feature/hud_state_signaling" timestamp="2026-05-03T03:51:19" hostname="localhost" tests="10" failures="0" errors="0" skipped="0" flaky="0" time="0.543">
		<testcase name="test_first_alert_event_enters_alert_cue_state" classname="hss_alert_cue_test" time="0.071">
		</testcase>
		<testcase name="test_same_severity_event_within_cooldown_is_suppressed" classname="hss_alert_cue_test" time="0.036">
		</testcase>
		<testcase name="test_different_actor_alert_passes_per_actor_gate" classname="hss_alert_cue_test" time="0.043">
		</testcase>
		<testcase name="test_alert_cue_timer_timeout_clears_state" classname="hss_alert_cue_test" time="0.036">
		</testcase>
		<testcase name="test_unaware_new_state_never_triggers_alert_cue" classname="hss_alert_cue_test" time="0.037">
		</testcase>
		<testcase name="test_freed_actor_refs_are_erased_from_rate_gate_dicts" classname="hss_alert_cue_test" time="0.048">
		</testcase>
		<testcase name="test_upward_severity_bypasses_cooldown_and_re_fires_alert_cue" classname="hss_alert_cue_test" time="0.041">
		</testcase>
		<testcase name="test_ui_context_leave_kills_alert_cue" classname="hss_alert_cue_test" time="0.046">
		</testcase>
		<testcase name="test_hss_source_has_no_process_or_physics_process" classname="hss_alert_cue_test" time="0.014">
		</testcase>
		<testcase name="test_hss_source_has_no_assertive_live_region" classname="hss_alert_cue_test" time="0.014">
		</testcase>
	</testsuite>
</testsuites>
