<?xml version="1.0" encoding="UTF-8" ?>
<testsuites id="2026-05-03" name="report_1" tests="4" failures="0" skipped="0" flaky="0" time="0.000">
	<testsuite id="0" name="forbidden_patterns_ci_test" package="tests/unit/feature/settings" timestamp="2026-05-03T03:22:37" hostname="localhost" tests="4" failures="0" errors="0" skipped="0" flaky="0" time="0.132">
		<testcase name="test_fp1_setting_changed_sole_publisher_in_src" classname="forbidden_patterns_ci_test" time="0.014">
		</testcase>
		<testcase name="test_fp2_settings_cfg_sole_reader_writer_in_src" classname="forbidden_patterns_ci_test" time="0.021">
		</testcase>
		<testcase name="test_fp4_no_settings_keys_in_save_load_files" classname="forbidden_patterns_ci_test" time="0.013">
		</testcase>
		<testcase name="test_fp5_fp6_setting_changed_handler_discipline" classname="forbidden_patterns_ci_test" time="0.014">
		</testcase>
	</testsuite>
</testsuites>
