<?xml version="1.0" encoding="UTF-8" ?>
<testsuites id="2026-05-03" name="report_1" tests="8" failures="0" skipped="0" flaky="0" time="0.000">
	<testsuite id="0" name="localization_plural_forms_test" package="tests/unit/foundation" timestamp="2026-05-03T03:06:46" hostname="localhost" tests="8" failures="0" errors="0" skipped="0" flaky="0" time="0.284">
		<testcase name="test_plural_csv_row_has_required_columns_and_directive" classname="localization_plural_forms_test" time="0.020">
		</testcase>
		<testcase name="test_tr_n_count_zero_returns_no_documents_form" classname="localization_plural_forms_test" time="0.021">
		</testcase>
		<testcase name="test_tr_n_count_one_returns_singular_form" classname="localization_plural_forms_test" time="0.020">
		</testcase>
		<testcase name="test_tr_n_count_seven_format_returns_other_form_with_substitution" classname="localization_plural_forms_test" time="0.014">
		</testcase>
		<testcase name="test_tr_format_named_placeholder_substitution_substitutes_section_name" classname="localization_plural_forms_test" time="0.014">
		</testcase>
		<testcase name="test_tr_format_missing_placeholder_key_leaves_placeholder_intact" classname="localization_plural_forms_test" time="0.014">
		</testcase>
		<testcase name="test_no_positional_format_substitution_in_src_production_code" classname="localization_plural_forms_test" time="0.021">
		</testcase>
		<testcase name="test_godot_4_6_plural_api_smoke_distinct_strings_for_counts" classname="localization_plural_forms_test" time="0.020">
		</testcase>
	</testsuite>
</testsuites>
