<?xml version="1.0" encoding="UTF-8" ?>
<testsuites id="2026-05-03" name="report_1" tests="8" failures="0" skipped="0" flaky="0" time="0.000">
	<testsuite id="0" name="hud_core_prompt_strip_test" package="tests/unit/feature/hud_core" timestamp="2026-05-03T03:45:18" hostname="localhost" tests="8" failures="0" errors="0" skipped="0" flaky="0" time="0.502">
		<testcase name="test_target_present_and_hand_free_shows_interact_prompt" classname="hud_core_prompt_strip_test" time="0.056">
		</testcase>
		<testcase name="test_no_target_hides_prompt" classname="hud_core_prompt_strip_test" time="0.050">
		</testcase>
		<testcase name="test_target_present_but_hand_busy_hides_prompt" classname="hud_core_prompt_strip_test" time="0.050">
		</testcase>
		<testcase name="test_null_pc_hides_prompt_and_does_not_crash" classname="hud_core_prompt_strip_test" time="0.050">
		</testcase>
		<testcase name="test_text_write_change_guard_skips_redundant_writes" classname="hud_core_prompt_strip_test" time="0.049">
		</testcase>
		<testcase name="test_freed_target_falls_to_hidden_state" classname="hud_core_prompt_strip_test" time="0.054">
		</testcase>
		<testcase name="test_get_prompt_label_returns_same_label_used_by_resolver" classname="hud_core_prompt_strip_test" time="0.050">
		</testcase>
		<testcase name="test_hud_core_only_calls_authorised_pc_methods" classname="hud_core_prompt_strip_test" time="0.014">
		</testcase>
	</testsuite>
</testsuites>
