<?xml version="1.0" encoding="UTF-8" ?>
<testsuites id="2026-05-03" name="report_1" tests="2" failures="1" skipped="0" flaky="0" time="0.000">
	<testsuite id="0" name="node_payload_validity_grep_test" package="tests/unit/foundation" timestamp="2026-05-03T03:58:35" hostname="localhost" tests="2" failures="1" errors="0" skipped="0" flaky="0" time="0.071">
		<testcase name="test_every_node_typed_handler_has_validity_guard_or_annotation" classname="node_payload_validity_grep_test" time="0.015">
			<failure message="FAILED: res://tests/unit/foundation/node_payload_validity_grep_test.gd:126" type="FAILURE">
<![CDATA[
Node-typed signal handlers must have validity guards or lint-ignore annotations. Failures:
  res://src/ui/hud_state_signaling.gd:180 → handler `func _on_alert_state_changed(actor: Node, _old_state: int, new_state: int, _severity: int) -> void:` lacks is_instance_valid(actor) guard and has no @lint-ignore annotation
]]>
			</failure>
		</testcase>
		<testcase name="test_grep_recognises_subscriber_template_handler" classname="node_payload_validity_grep_test" time="0.014">
		</testcase>
	</testsuite>
</testsuites>
