<?xml version="1.0" encoding="UTF-8" ?>
<testsuites id="2026-05-03" name="report_1" tests="12" failures="0" skipped="0" flaky="0" time="0.000">
	<testsuite id="0" name="hud_core_subscription_lifecycle_test" package="tests/unit/feature/hud_core" timestamp="2026-05-03T03:41:07" hostname="localhost" tests="12" failures="0" errors="0" skipped="0" flaky="0" time="0.510">
		<testcase name="test_all_14_connections_established_after_ready" classname="hud_core_subscription_lifecycle_test" time="0.060">
		</testcase>
		<testcase name="test_all_14_disconnections_on_exit_tree" classname="hud_core_subscription_lifecycle_test" time="0.050">
		</testcase>
		<testcase name="test_no_connect_calls_outside_ready_in_hud_core_src" classname="hud_core_subscription_lifecycle_test" time="0.014">
		</testcase>
		<testcase name="test_no_double_connect_when_ready_runs_twice" classname="hud_core_subscription_lifecycle_test" time="0.053">
		</testcase>
		<testcase name="test_hud_core_emits_zero_events_signals" classname="hud_core_subscription_lifecycle_test" time="0.014">
		</testcase>
		<testcase name="test_hud_core_does_not_modify_input_context" classname="hud_core_subscription_lifecycle_test" time="0.021">
		</testcase>
		<testcase name="test_hud_core_does_not_poll_non_authorised_systems" classname="hud_core_subscription_lifecycle_test" time="0.021">
		</testcase>
		<testcase name="test_hud_core_does_not_connect_to_weapon_dry_fire_click" classname="hud_core_subscription_lifecycle_test" time="0.014">
		</testcase>
		<testcase name="test_hud_core_does_not_access_pc_properties_directly" classname="hud_core_subscription_lifecycle_test" time="0.014">
		</testcase>
		<testcase name="test_hud_core_has_no_save_load_registration" classname="hud_core_subscription_lifecycle_test" time="0.014">
		</testcase>
		<testcase name="test_hud_core_has_no_pillar_2_pillar_5_excluded_tokens" classname="hud_core_subscription_lifecycle_test" time="0.020">
		</testcase>
		<testcase name="test_hud_core_has_no_raw_tree_walk_singleton_lookups" classname="hud_core_subscription_lifecycle_test" time="0.021">
		</testcase>
	</testsuite>
</testsuites>
