<?xml version="1.0" encoding="UTF-8" ?>
<testsuites id="2026-05-03" name="report_1" tests="4" failures="1" skipped="0" flaky="0" time="0.000">
	<testsuite id="0" name="forbidden_patterns_ci_test" package="tests/unit/feature/settings" timestamp="2026-05-03T03:20:56" hostname="localhost" tests="4" failures="1" errors="0" skipped="0" flaky="0" time="0.135">
		<testcase name="test_fp1_setting_changed_sole_publisher_in_src" classname="forbidden_patterns_ci_test" time="0.014">
		</testcase>
		<testcase name="test_fp2_settings_cfg_sole_reader_writer_in_src" classname="forbidden_patterns_ci_test" time="0.021">
		</testcase>
		<testcase name="test_fp4_no_settings_keys_in_save_load_files" classname="forbidden_patterns_ci_test" time="0.024">
		</testcase>
		<testcase name="test_fp5_fp6_setting_changed_handler_discipline" classname="forbidden_patterns_ci_test" time="0.014">
			<failure message="FAILED: res://tests/unit/feature/settings/forbidden_patterns_ci_test.gd:233" type="FAILURE">
<![CDATA[
FP-5 violation (TR-SET-001): res://src/gameplay/player/player_character.gd:1011 — _on_setting_changed first statement must be 'if category != &"<cat>": return'. Got: 'category: StringName, setting_name: StringName, value: Variant'
  res://src/core/signal_bus/event_logger.gd:292 — _on_setting_changed first statement must be 'if category != &"<cat>": return'. Got: 'print(_format_log_line(&"setting_changed", [category, name, value]))'
]]>
			</failure>
		</testcase>
	</testsuite>
</testsuites>
