<?xml version="1.0" encoding="UTF-8" ?>
<testsuites id="2026-05-03" name="report_1" tests="12" failures="0" skipped="0" flaky="0" time="0.000">
	<testsuite id="0" name="subtitle_defaults_test" package="tests/unit/feature/settings" timestamp="2026-05-03T03:35:31" hostname="localhost" tests="12" failures="0" errors="0" skipped="0" flaky="0" time="0.505">
		<testcase name="test_first_launch_writes_all_six_subtitle_cluster_defaults" classname="subtitle_defaults_test" time="0.034">
		</testcase>
		<testcase name="test_settings_defaults_subtitles_enabled_const_is_true" classname="subtitle_defaults_test" time="0.021">
		</testcase>
		<testcase name="test_no_subtitles_enabled_false_in_settings_defaults_source" classname="subtitle_defaults_test" time="0.021">
		</testcase>
		<testcase name="test_persistence_round_trip_preserves_subtitle_cluster_types" classname="subtitle_defaults_test" time="0.014">
		</testcase>
		<testcase name="test_burst_emits_subtitle_cluster_with_background_as_stringname" classname="subtitle_defaults_test" time="0.034">
		</testcase>
		<testcase name="test_invalid_subtitle_size_scale_preset_is_healed_to_default" classname="subtitle_defaults_test" time="0.035">
		</testcase>
		<testcase name="test_valid_subtitle_size_scale_preset_is_not_healed" classname="subtitle_defaults_test" time="0.021">
		</testcase>
		<testcase name="test_subtitle_line_spacing_scale_above_ceiling_is_clamped_to_1_5" classname="subtitle_defaults_test" time="0.034">
		</testcase>
		<testcase name="test_subtitle_letter_spacing_em_above_ceiling_is_clamped_to_0_12" classname="subtitle_defaults_test" time="0.021">
		</testcase>
		<testcase name="test_subtitle_letter_spacing_em_negative_is_clamped_to_0" classname="subtitle_defaults_test" time="0.034">
		</testcase>
		<testcase name="test_invalid_subtitle_background_defaults_to_scrim" classname="subtitle_defaults_test" time="0.021">
		</testcase>
		<testcase name="test_restore_defaults_resets_subtitle_cluster_unlike_photosensitivity" classname="subtitle_defaults_test" time="0.035">
		</testcase>
	</testsuite>
</testsuites>
