<?xml version="1.0" encoding="UTF-8" ?>
<testsuites id="2026-05-03" name="report_1" tests="12" failures="0" skipped="0" flaky="0" time="0.000">
	<testsuite id="0" name="hud_core_scaffold_test" package="tests/unit/feature/hud_core" timestamp="2026-05-03T04:30:09" hostname="localhost" tests="12" failures="0" errors="63" skipped="0" flaky="0" time="0.540">
		<testcase name="test_hud_core_root_is_canvas_layer_with_layer_index_one" classname="hud_core_scaffold_test" time="0.058">
			<error message="ERROR: res://tests/unit/feature/hud_core/hud_core_scaffold_test.gd:980" type="ABORT">
<![CDATA[
Godot Runtime Error !
	'at: OutlineCompositorEffect._run_stencil_pass (res://src/rendering/outline/outline_compositor_effect.gd:980)'
Error: 'Trying to assign an array of type "Array" to a variable of type "Array[Color]".'
]]>
			</error>
			<error message="ERROR: res://tests/unit/feature/hud_core/hud_core_scaffold_test.gd:980" type="ABORT">
<![CDATA[
Godot Runtime Error !
	'at: OutlineCompositorEffect._run_stencil_pass (res://src/rendering/outline/outline_compositor_effect.gd:980)'
Error: 'Trying to assign an array of type "Array" to a variable of type "Array[Color]".'
]]>
			</error>
			<error message="ERROR: res://tests/unit/feature/hud_core/hud_core_scaffold_test.gd:980" type="ABORT">
<![CDATA[
Godot Runtime Error !
	'at: OutlineCompositorEffect._run_stencil_pass (res://src/rendering/outline/outline_compositor_effect.gd:980)'
Error: 'Trying to assign an array of type "Array" to a variable of type "Array[Color]".'
]]>
			</error>
			<error message="ERROR: res://tests/unit/feature/hud_core/hud_core_scaffold_test.gd:980" type="ABORT">
<![CDATA[
Godot Runtime Error !
	'at: OutlineCompositorEffect._run_stencil_pass (res://src/rendering/outline/outline_compositor_effect.gd:980)'
Error: 'Trying to assign an array of type "Array" to a variable of type "Array[Color]".'
]]>
			</error>
			<error message="ERROR: res://tests/unit/feature/hud_core/hud_core_scaffold_test.gd:980" type="ABORT">
<![CDATA[
Godot Runtime Error !
	'at: OutlineCompositorEffect._run_stencil_pass (res://src/rendering/outline/outline_compositor_effect.gd:980)'
Error: 'Trying to assign an array of type "Array" to a variable of type "Array[Color]".'
]]>
			</error>
			<error message="ERROR: res://tests/unit/feature/hud_core/hud_core_scaffold_test.gd:980" type="ABORT">
<![CDATA[
Godot Runtime Error !
	'at: OutlineCompositorEffect._run_stencil_pass (res://src/rendering/outline/outline_compositor_effect.gd:980)'
Error: 'Trying to assign an array of type "Array" to a variable of type "Array[Color]".'
]]>
			</error>
			<error message="ERROR: res://tests/unit/feature/hud_core/hud_core_scaffold_test.gd:980" type="ABORT">
<![CDATA[
Godot Runtime Error !
	'at: OutlineCompositorEffect._run_stencil_pass (res://src/rendering/outline/outline_compositor_effect.gd:980)'
Error: 'Trying to assign an array of type "Array" to a variable of type "Array[Color]".'
]]>
			</error>
			<error message="ERROR: res://tests/unit/feature/hud_core/hud_core_scaffold_test.gd:980" type="ABORT">
<![CDATA[
Godot Runtime Error !
	'at: OutlineCompositorEffect._run_stencil_pass (res://src/rendering/outline/outline_compositor_effect.gd:980)'
Error: 'Trying to assign an array of type "Array" to a variable of type "Array[Color]".'
]]>
			</error>
			<error message="ERROR: res://tests/unit/feature/hud_core/hud_core_scaffold_test.gd:980" type="ABORT">
<![CDATA[
Godot Runtime Error !
	'at: OutlineCompositorEffect._run_stencil_pass (res://src/rendering/outline/outline_compositor_effect.gd:980)'
Error: 'Trying to assign an array of type "Array" to a variable of type "Array[Color]".'
]]>
			</error>
		</testcase>
		<testcase name="test_hud_core_is_not_registered_as_autoload" classname="hud_core_scaffold_test" time="0.021">
			<error message="ERROR: res://tests/unit/feature/hud_core/hud_core_scaffold_test.gd:980" type="ABORT">
<![CDATA[
Godot Runtime Error !
	'at: OutlineCompositorEffect._run_stencil_pass (res://src/rendering/outline/outline_compositor_effect.gd:980)'
Error: 'Trying to assign an array of type "Array" to a variable of type "Array[Color]".'
]]>
			</error>
			<error message="ERROR: res://tests/unit/feature/hud_core/hud_core_scaffold_test.gd:980" type="ABORT">
<![CDATA[
Godot Runtime Error !
	'at: OutlineCompositorEffect._run_stencil_pass (res://src/rendering/outline/outline_compositor_effect.gd:980)'
Error: 'Trying to assign an array of type "Array" to a variable of type "Array[Color]".'
]]>
			</error>
			<error message="ERROR: res://tests/unit/feature/hud_core/hud_core_scaffold_test.gd:980" type="ABORT">
<![CDATA[
Godot Runtime Error !
	'at: OutlineCompositorEffect._run_stencil_pass (res://src/rendering/outline/outline_compositor_effect.gd:980)'
Error: 'Trying to assign an array of type "Array" to a variable of type "Array[Color]".'
]]>
			</error>
		</testcase>
		<testcase name="test_hud_theme_loads_as_theme_resource" classname="hud_core_scaffold_test" time="0.021">
			<error message="ERROR: res://tests/unit/feature/hud_core/hud_core_scaffold_test.gd:980" type="ABORT">
<![CDATA[
Godot Runtime Error !
	'at: OutlineCompositorEffect._run_stencil_pass (res://src/rendering/outline/outline_compositor_effect.gd:980)'
Error: 'Trying to assign an array of type "Array" to a variable of type "Array[Color]".'
]]>
			</error>
			<error message="ERROR: res://tests/unit/feature/hud_core/hud_core_scaffold_test.gd:980" type="ABORT">
<![CDATA[
Godot Runtime Error !
	'at: OutlineCompositorEffect._run_stencil_pass (res://src/rendering/outline/outline_compositor_effect.gd:980)'
Error: 'Trying to assign an array of type "Array" to a variable of type "Array[Color]".'
]]>
			</error>
			<error message="ERROR: res://tests/unit/feature/hud_core/hud_core_scaffold_test.gd:980" type="ABORT">
<![CDATA[
Godot Runtime Error !
	'at: OutlineCompositorEffect._run_stencil_pass (res://src/rendering/outline/outline_compositor_effect.gd:980)'
Error: 'Trying to assign an array of type "Array" to a variable of type "Array[Color]".'
]]>
			</error>
		</testcase>
		<testcase name="test_project_theme_loads" classname="hud_core_scaffold_test" time="0.020">
			<error message="ERROR: res://tests/unit/feature/hud_core/hud_core_scaffold_test.gd:980" type="ABORT">
<![CDATA[
Godot Runtime Error !
	'at: OutlineCompositorEffect._run_stencil_pass (res://src/rendering/outline/outline_compositor_effect.gd:980)'
Error: 'Trying to assign an array of type "Array" to a variable of type "Array[Color]".'
]]>
			</error>
			<error message="ERROR: res://tests/unit/feature/hud_core/hud_core_scaffold_test.gd:980" type="ABORT">
<![CDATA[
Godot Runtime Error !
	'at: OutlineCompositorEffect._run_stencil_pass (res://src/rendering/outline/outline_compositor_effect.gd:980)'
Error: 'Trying to assign an array of type "Array" to a variable of type "Array[Color]".'
]]>
			</error>
			<error message="ERROR: res://tests/unit/feature/hud_core/hud_core_scaffold_test.gd:980" type="ABORT">
<![CDATA[
Godot Runtime Error !
	'at: OutlineCompositorEffect._run_stencil_pass (res://src/rendering/outline/outline_compositor_effect.gd:980)'
Error: 'Trying to assign an array of type "Array" to a variable of type "Array[Color]".'
]]>
			</error>
		</testcase>
		<testcase name="test_font_registry_at_22_px_returns_futura_branch" classname="hud_core_scaffold_test" time="0.025">
			<error message="ERROR: res://tests/unit/feature/hud_core/hud_core_scaffold_test.gd:980" type="ABORT">
<![CDATA[
Godot Runtime Error !
	'at: OutlineCompositorEffect._run_stencil_pass (res://src/rendering/outline/outline_compositor_effect.gd:980)'
Error: 'Trying to assign an array of type "Array" to a variable of type "Array[Color]".'
]]>
			</error>
			<error message="ERROR: res://tests/unit/feature/hud_core/hud_core_scaffold_test.gd:980" type="ABORT">
<![CDATA[
Godot Runtime Error !
	'at: OutlineCompositorEffect._run_stencil_pass (res://src/rendering/outline/outline_compositor_effect.gd:980)'
Error: 'Trying to assign an array of type "Array" to a variable of type "Array[Color]".'
]]>
			</error>
			<error message="ERROR: res://tests/unit/feature/hud_core/hud_core_scaffold_test.gd:980" type="ABORT">
<![CDATA[
Godot Runtime Error !
	'at: OutlineCompositorEffect._run_stencil_pass (res://src/rendering/outline/outline_compositor_effect.gd:980)'
Error: 'Trying to assign an array of type "Array" to a variable of type "Array[Color]".'
]]>
			</error>
			<error message="ERROR: res://tests/unit/feature/hud_core/hud_core_scaffold_test.gd:980" type="ABORT">
<![CDATA[
Godot Runtime Error !
	'at: OutlineCompositorEffect._run_stencil_pass (res://src/rendering/outline/outline_compositor_effect.gd:980)'
Error: 'Trying to assign an array of type "Array" to a variable of type "Array[Color]".'
]]>
			</error>
			<error message="ERROR: res://tests/unit/feature/hud_core/hud_core_scaffold_test.gd:980" type="ABORT">
<![CDATA[
Godot Runtime Error !
	'at: OutlineCompositorEffect._run_stencil_pass (res://src/rendering/outline/outline_compositor_effect.gd:980)'
Error: 'Trying to assign an array of type "Array" to a variable of type "Array[Color]".'
]]>
			</error>
			<error message="ERROR: res://tests/unit/feature/hud_core/hud_core_scaffold_test.gd:980" type="ABORT">
<![CDATA[
Godot Runtime Error !
	'at: OutlineCompositorEffect._run_stencil_pass (res://src/rendering/outline/outline_compositor_effect.gd:980)'
Error: 'Trying to assign an array of type "Array" to a variable of type "Array[Color]".'
]]>
			</error>
		</testcase>
		<testcase name="test_font_registry_at_15_px_returns_din_branch" classname="hud_core_scaffold_test" time="0.019">
			<error message="ERROR: res://tests/unit/feature/hud_core/hud_core_scaffold_test.gd:980" type="ABORT">
<![CDATA[
Godot Runtime Error !
	'at: OutlineCompositorEffect._run_stencil_pass (res://src/rendering/outline/outline_compositor_effect.gd:980)'
Error: 'Trying to assign an array of type "Array" to a variable of type "Array[Color]".'
]]>
			</error>
			<error message="ERROR: res://tests/unit/feature/hud_core/hud_core_scaffold_test.gd:980" type="ABORT">
<![CDATA[
Godot Runtime Error !
	'at: OutlineCompositorEffect._run_stencil_pass (res://src/rendering/outline/outline_compositor_effect.gd:980)'
Error: 'Trying to assign an array of type "Array" to a variable of type "Array[Color]".'
]]>
			</error>
			<error message="ERROR: res://tests/unit/feature/hud_core/hud_core_scaffold_test.gd:980" type="ABORT">
<![CDATA[
Godot Runtime Error !
	'at: OutlineCompositorEffect._run_stencil_pass (res://src/rendering/outline/outline_compositor_effect.gd:980)'
Error: 'Trying to assign an array of type "Array" to a variable of type "Array[Color]".'
]]>
			</error>
		</testcase>
		<testcase name="test_font_registry_at_18_px_returns_futura_branch" classname="hud_core_scaffold_test" time="0.014">
			<error message="ERROR: res://tests/unit/feature/hud_core/hud_core_scaffold_test.gd:980" type="ABORT">
<![CDATA[
Godot Runtime Error !
	'at: OutlineCompositorEffect._run_stencil_pass (res://src/rendering/outline/outline_compositor_effect.gd:980)'
Error: 'Trying to assign an array of type "Array" to a variable of type "Array[Color]".'
]]>
			</error>
			<error message="ERROR: res://tests/unit/feature/hud_core/hud_core_scaffold_test.gd:980" type="ABORT">
<![CDATA[
Godot Runtime Error !
	'at: OutlineCompositorEffect._run_stencil_pass (res://src/rendering/outline/outline_compositor_effect.gd:980)'
Error: 'Trying to assign an array of type "Array" to a variable of type "Array[Color]".'
]]>
			</error>
			<error message="ERROR: res://tests/unit/feature/hud_core/hud_core_scaffold_test.gd:980" type="ABORT">
<![CDATA[
Godot Runtime Error !
	'at: OutlineCompositorEffect._run_stencil_pass (res://src/rendering/outline/outline_compositor_effect.gd:980)'
Error: 'Trying to assign an array of type "Array" to a variable of type "Array[Color]".'
]]>
			</error>
		</testcase>
		<testcase name="test_font_registry_at_17_px_returns_din_branch" classname="hud_core_scaffold_test" time="0.014">
			<error message="ERROR: res://tests/unit/feature/hud_core/hud_core_scaffold_test.gd:980" type="ABORT">
<![CDATA[
Godot Runtime Error !
	'at: OutlineCompositorEffect._run_stencil_pass (res://src/rendering/outline/outline_compositor_effect.gd:980)'
Error: 'Trying to assign an array of type "Array" to a variable of type "Array[Color]".'
]]>
			</error>
			<error message="ERROR: res://tests/unit/feature/hud_core/hud_core_scaffold_test.gd:980" type="ABORT">
<![CDATA[
Godot Runtime Error !
	'at: OutlineCompositorEffect._run_stencil_pass (res://src/rendering/outline/outline_compositor_effect.gd:980)'
Error: 'Trying to assign an array of type "Array" to a variable of type "Array[Color]".'
]]>
			</error>
			<error message="ERROR: res://tests/unit/feature/hud_core/hud_core_scaffold_test.gd:980" type="ABORT">
<![CDATA[
Godot Runtime Error !
	'at: OutlineCompositorEffect._run_stencil_pass (res://src/rendering/outline/outline_compositor_effect.gd:980)'
Error: 'Trying to assign an array of type "Array" to a variable of type "Array[Color]".'
]]>
			</error>
		</testcase>
		<testcase name="test_no_hardcoded_text_literals_in_hud_core_src" classname="hud_core_scaffold_test" time="0.021">
			<error message="ERROR: res://tests/unit/feature/hud_core/hud_core_scaffold_test.gd:980" type="ABORT">
<![CDATA[
Godot Runtime Error !
	'at: OutlineCompositorEffect._run_stencil_pass (res://src/rendering/outline/outline_compositor_effect.gd:980)'
Error: 'Trying to assign an array of type "Array" to a variable of type "Array[Color]".'
]]>
			</error>
			<error message="ERROR: res://tests/unit/feature/hud_core/hud_core_scaffold_test.gd:980" type="ABORT">
<![CDATA[
Godot Runtime Error !
	'at: OutlineCompositorEffect._run_stencil_pass (res://src/rendering/outline/outline_compositor_effect.gd:980)'
Error: 'Trying to assign an array of type "Array" to a variable of type "Array[Color]".'
]]>
			</error>
			<error message="ERROR: res://tests/unit/feature/hud_core/hud_core_scaffold_test.gd:980" type="ABORT">
<![CDATA[
Godot Runtime Error !
	'at: OutlineCompositorEffect._run_stencil_pass (res://src/rendering/outline/outline_compositor_effect.gd:980)'
Error: 'Trying to assign an array of type "Array" to a variable of type "Array[Color]".'
]]>
			</error>
		</testcase>
		<testcase name="test_every_hud_control_has_mouse_filter_ignore_and_focus_none" classname="hud_core_scaffold_test" time="0.053">
			<error message="ERROR: res://tests/unit/feature/hud_core/hud_core_scaffold_test.gd:980" type="ABORT">
<![CDATA[
Godot Runtime Error !
	'at: OutlineCompositorEffect._run_stencil_pass (res://src/rendering/outline/outline_compositor_effect.gd:980)'
Error: 'Trying to assign an array of type "Array" to a variable of type "Array[Color]".'
]]>
			</error>
			<error message="ERROR: res://tests/unit/feature/hud_core/hud_core_scaffold_test.gd:980" type="ABORT">
<![CDATA[
Godot Runtime Error !
	'at: OutlineCompositorEffect._run_stencil_pass (res://src/rendering/outline/outline_compositor_effect.gd:980)'
Error: 'Trying to assign an array of type "Array" to a variable of type "Array[Color]".'
]]>
			</error>
			<error message="ERROR: res://tests/unit/feature/hud_core/hud_core_scaffold_test.gd:980" type="ABORT">
<![CDATA[
Godot Runtime Error !
	'at: OutlineCompositorEffect._run_stencil_pass (res://src/rendering/outline/outline_compositor_effect.gd:980)'
Error: 'Trying to assign an array of type "Array" to a variable of type "Array[Color]".'
]]>
			</error>
			<error message="ERROR: res://tests/unit/feature/hud_core/hud_core_scaffold_test.gd:980" type="ABORT">
<![CDATA[
Godot Runtime Error !
	'at: OutlineCompositorEffect._run_stencil_pass (res://src/rendering/outline/outline_compositor_effect.gd:980)'
Error: 'Trying to assign an array of type "Array" to a variable of type "Array[Color]".'
]]>
			</error>
			<error message="ERROR: res://tests/unit/feature/hud_core/hud_core_scaffold_test.gd:980" type="ABORT">
<![CDATA[
Godot Runtime Error !
	'at: OutlineCompositorEffect._run_stencil_pass (res://src/rendering/outline/outline_compositor_effect.gd:980)'
Error: 'Trying to assign an array of type "Array" to a variable of type "Array[Color]".'
]]>
			</error>
			<error message="ERROR: res://tests/unit/feature/hud_core/hud_core_scaffold_test.gd:980" type="ABORT">
<![CDATA[
Godot Runtime Error !
	'at: OutlineCompositorEffect._run_stencil_pass (res://src/rendering/outline/outline_compositor_effect.gd:980)'
Error: 'Trying to assign an array of type "Array" to a variable of type "Array[Color]".'
]]>
			</error>
			<error message="ERROR: res://tests/unit/feature/hud_core/hud_core_scaffold_test.gd:980" type="ABORT">
<![CDATA[
Godot Runtime Error !
	'at: OutlineCompositorEffect._run_stencil_pass (res://src/rendering/outline/outline_compositor_effect.gd:980)'
Error: 'Trying to assign an array of type "Array" to a variable of type "Array[Color]".'
]]>
			</error>
			<error message="ERROR: res://tests/unit/feature/hud_core/hud_core_scaffold_test.gd:980" type="ABORT">
<![CDATA[
Godot Runtime Error !
	'at: OutlineCompositorEffect._run_stencil_pass (res://src/rendering/outline/outline_compositor_effect.gd:980)'
Error: 'Trying to assign an array of type "Array" to a variable of type "Array[Color]".'
]]>
			</error>
			<error message="ERROR: res://tests/unit/feature/hud_core/hud_core_scaffold_test.gd:980" type="ABORT">
<![CDATA[
Godot Runtime Error !
	'at: OutlineCompositorEffect._run_stencil_pass (res://src/rendering/outline/outline_compositor_effect.gd:980)'
Error: 'Trying to assign an array of type "Array" to a variable of type "Array[Color]".'
]]>
			</error>
		</testcase>
		<testcase name="test_hud_widget_tree_contains_all_required_widgets" classname="hud_core_scaffold_test" time="0.049">
			<error message="ERROR: res://tests/unit/feature/hud_core/hud_core_scaffold_test.gd:980" type="ABORT">
<![CDATA[
Godot Runtime Error !
	'at: OutlineCompositorEffect._run_stencil_pass (res://src/rendering/outline/outline_compositor_effect.gd:980)'
Error: 'Trying to assign an array of type "Array" to a variable of type "Array[Color]".'
]]>
			</error>
			<error message="ERROR: res://tests/unit/feature/hud_core/hud_core_scaffold_test.gd:980" type="ABORT">
<![CDATA[
Godot Runtime Error !
	'at: OutlineCompositorEffect._run_stencil_pass (res://src/rendering/outline/outline_compositor_effect.gd:980)'
Error: 'Trying to assign an array of type "Array" to a variable of type "Array[Color]".'
]]>
			</error>
			<error message="ERROR: res://tests/unit/feature/hud_core/hud_core_scaffold_test.gd:980" type="ABORT">
<![CDATA[
Godot Runtime Error !
	'at: OutlineCompositorEffect._run_stencil_pass (res://src/rendering/outline/outline_compositor_effect.gd:980)'
Error: 'Trying to assign an array of type "Array" to a variable of type "Array[Color]".'
]]>
			</error>
			<error message="ERROR: res://tests/unit/feature/hud_core/hud_core_scaffold_test.gd:980" type="ABORT">
<![CDATA[
Godot Runtime Error !
	'at: OutlineCompositorEffect._run_stencil_pass (res://src/rendering/outline/outline_compositor_effect.gd:980)'
Error: 'Trying to assign an array of type "Array" to a variable of type "Array[Color]".'
]]>
			</error>
			<error message="ERROR: res://tests/unit/feature/hud_core/hud_core_scaffold_test.gd:980" type="ABORT">
<![CDATA[
Godot Runtime Error !
	'at: OutlineCompositorEffect._run_stencil_pass (res://src/rendering/outline/outline_compositor_effect.gd:980)'
Error: 'Trying to assign an array of type "Array" to a variable of type "Array[Color]".'
]]>
			</error>
			<error message="ERROR: res://tests/unit/feature/hud_core/hud_core_scaffold_test.gd:980" type="ABORT">
<![CDATA[
Godot Runtime Error !
	'at: OutlineCompositorEffect._run_stencil_pass (res://src/rendering/outline/outline_compositor_effect.gd:980)'
Error: 'Trying to assign an array of type "Array" to a variable of type "Array[Color]".'
]]>
			</error>
			<error message="ERROR: res://tests/unit/feature/hud_core/hud_core_scaffold_test.gd:980" type="ABORT">
<![CDATA[
Godot Runtime Error !
	'at: OutlineCompositorEffect._run_stencil_pass (res://src/rendering/outline/outline_compositor_effect.gd:980)'
Error: 'Trying to assign an array of type "Array" to a variable of type "Array[Color]".'
]]>
			</error>
			<error message="ERROR: res://tests/unit/feature/hud_core/hud_core_scaffold_test.gd:980" type="ABORT">
<![CDATA[
Godot Runtime Error !
	'at: OutlineCompositorEffect._run_stencil_pass (res://src/rendering/outline/outline_compositor_effect.gd:980)'
Error: 'Trying to assign an array of type "Array" to a variable of type "Array[Color]".'
]]>
			</error>
			<error message="ERROR: res://tests/unit/feature/hud_core/hud_core_scaffold_test.gd:980" type="ABORT">
<![CDATA[
Godot Runtime Error !
	'at: OutlineCompositorEffect._run_stencil_pass (res://src/rendering/outline/outline_compositor_effect.gd:980)'
Error: 'Trying to assign an array of type "Array" to a variable of type "Array[Color]".'
]]>
			</error>
		</testcase>
		<testcase name="test_hud_root_control_has_focus_disabled_recursively_meta" classname="hud_core_scaffold_test" time="0.050">
			<error message="ERROR: res://tests/unit/feature/hud_core/hud_core_scaffold_test.gd:980" type="ABORT">
<![CDATA[
Godot Runtime Error !
	'at: OutlineCompositorEffect._run_stencil_pass (res://src/rendering/outline/outline_compositor_effect.gd:980)'
Error: 'Trying to assign an array of type "Array" to a variable of type "Array[Color]".'
]]>
			</error>
			<error message="ERROR: res://tests/unit/feature/hud_core/hud_core_scaffold_test.gd:980" type="ABORT">
<![CDATA[
Godot Runtime Error !
	'at: OutlineCompositorEffect._run_stencil_pass (res://src/rendering/outline/outline_compositor_effect.gd:980)'
Error: 'Trying to assign an array of type "Array" to a variable of type "Array[Color]".'
]]>
			</error>
			<error message="ERROR: res://tests/unit/feature/hud_core/hud_core_scaffold_test.gd:980" type="ABORT">
<![CDATA[
Godot Runtime Error !
	'at: OutlineCompositorEffect._run_stencil_pass (res://src/rendering/outline/outline_compositor_effect.gd:980)'
Error: 'Trying to assign an array of type "Array" to a variable of type "Array[Color]".'
]]>
			</error>
			<error message="ERROR: res://tests/unit/feature/hud_core/hud_core_scaffold_test.gd:980" type="ABORT">
<![CDATA[
Godot Runtime Error !
	'at: OutlineCompositorEffect._run_stencil_pass (res://src/rendering/outline/outline_compositor_effect.gd:980)'
Error: 'Trying to assign an array of type "Array" to a variable of type "Array[Color]".'
]]>
			</error>
			<error message="ERROR: res://tests/unit/feature/hud_core/hud_core_scaffold_test.gd:980" type="ABORT">
<![CDATA[
Godot Runtime Error !
	'at: OutlineCompositorEffect._run_stencil_pass (res://src/rendering/outline/outline_compositor_effect.gd:980)'
Error: 'Trying to assign an array of type "Array" to a variable of type "Array[Color]".'
]]>
			</error>
			<error message="ERROR: res://tests/unit/feature/hud_core/hud_core_scaffold_test.gd:980" type="ABORT">
<![CDATA[
Godot Runtime Error !
	'at: OutlineCompositorEffect._run_stencil_pass (res://src/rendering/outline/outline_compositor_effect.gd:980)'
Error: 'Trying to assign an array of type "Array" to a variable of type "Array[Color]".'
]]>
			</error>
			<error message="ERROR: res://tests/unit/feature/hud_core/hud_core_scaffold_test.gd:980" type="ABORT">
<![CDATA[
Godot Runtime Error !
	'at: OutlineCompositorEffect._run_stencil_pass (res://src/rendering/outline/outline_compositor_effect.gd:980)'
Error: 'Trying to assign an array of type "Array" to a variable of type "Array[Color]".'
]]>
			</error>
			<error message="ERROR: res://tests/unit/feature/hud_core/hud_core_scaffold_test.gd:980" type="ABORT">
<![CDATA[
Godot Runtime Error !
	'at: OutlineCompositorEffect._run_stencil_pass (res://src/rendering/outline/outline_compositor_effect.gd:980)'
Error: 'Trying to assign an array of type "Array" to a variable of type "Array[Color]".'
]]>
			</error>
			<error message="ERROR: res://tests/unit/feature/hud_core/hud_core_scaffold_test.gd:980" type="ABORT">
<![CDATA[
Godot Runtime Error !
	'at: OutlineCompositorEffect._run_stencil_pass (res://src/rendering/outline/outline_compositor_effect.gd:980)'
Error: 'Trying to assign an array of type "Array" to a variable of type "Array[Color]".'
]]>
			</error>
		</testcase>
	</testsuite>
</testsuites>
