<?xml version="1.0" encoding="UTF-8" ?>
<testsuites id="2026-05-03" name="report_1" tests="1033" failures="5" skipped="0" flaky="0" time="0.000">
	<testsuite id="0" name="level_streaming_service_boot_test" package="tests/unit/level_streaming" timestamp="2026-05-03T04:13:59" hostname="localhost" tests="12" failures="0" errors="0" skipped="0" flaky="0" time="0.415">
		<testcase name="test_lss_has_transition_reason_enum_with_4_members" classname="level_streaming_service_boot_test" time="0.021">
		</testcase>
		<testcase name="test_project_godot_registers_lss_at_autoload_line_5" classname="level_streaming_service_boot_test" time="0.021">
		</testcase>
		<testcase name="test_lss_autoload_uses_scene_mode_prefix" classname="level_streaming_service_boot_test" time="0.020">
		</testcase>
		<testcase name="test_section_registry_class_basic_shape" classname="level_streaming_service_boot_test" time="0.021">
		</testcase>
		<testcase name="test_section_registry_tres_has_plaza_and_stub_b" classname="level_streaming_service_boot_test" time="0.020">
		</testcase>
		<testcase name="test_lss_loads_registry_and_sets_valid_flag" classname="level_streaming_service_boot_test" time="0.021">
		</testcase>
		<testcase name="test_fade_overlay_canvaslayer_127_with_colorrect" classname="level_streaming_service_boot_test" time="0.020">
		</testcase>
		<testcase name="test_error_fallback_canvaslayer_126" classname="level_streaming_service_boot_test" time="0.021">
		</testcase>
		<testcase name="test_error_fallback_tscn_loads_and_instantiates" classname="level_streaming_service_boot_test" time="0.020">
		</testcase>
		<testcase name="test_lss_init_references_no_autoloads" classname="level_streaming_service_boot_test" time="0.021">
		</testcase>
		<testcase name="test_lss_ready_does_not_reference_later_autoloads" classname="level_streaming_service_boot_test" time="0.021">
		</testcase>
		<testcase name="test_lss_persists_across_test_lifecycle" classname="level_streaming_service_boot_test" time="0.014">
		</testcase>
	</testsuite>
	<testsuite id="1" name="level_streaming_restore_callback_test" package="tests/unit/level_streaming" timestamp="2026-05-03T04:14:00" hostname="localhost" tests="11" failures="0" errors="0" skipped="0" flaky="0" time="0.744">
		<testcase name="test_register_restore_callback_appends_valid_callable" classname="level_streaming_restore_callback_test" time="0.021">
		</testcase>
		<testcase name="test_register_restore_callback_rejects_invalid_callable" classname="level_streaming_restore_callback_test" time="0.014">
		</testcase>
		<testcase name="test_step9_invokes_callbacks_synchronously_between_step8_and_step10" classname="level_streaming_restore_callback_test" time="0.068">
		</testcase>
		<testcase name="test_callback_receives_three_positional_args_with_save_game" classname="level_streaming_restore_callback_test" time="0.069">
		</testcase>
		<testcase name="test_callback_receives_null_save_game_on_new_game" classname="level_streaming_restore_callback_test" time="0.049">
		</testcase>
		<testcase name="test_multiple_callbacks_all_fire_in_registration_order" classname="level_streaming_restore_callback_test" time="0.069">
		</testcase>
		<testcase name="test_step9_with_empty_callback_array_is_no_op_and_transition_completes" classname="level_streaming_restore_callback_test" time="0.070">
		</testcase>
		<testcase name="test_callback_chain_continues_when_one_callback_logs_an_error" classname="level_streaming_restore_callback_test" time="0.049">
		</testcase>
		<testcase name="test_no_await_contract_violation_does_not_deadlock" classname="level_streaming_restore_callback_test" time="0.063">
		</testcase>
		<testcase name="test_callback_fires_at_step9_not_at_step3" classname="level_streaming_restore_callback_test" time="0.048">
		</testcase>
		<testcase name="test_probe_state_visible_to_section_entered_subscriber" classname="level_streaming_restore_callback_test" time="0.056">
		</testcase>
	</testsuite>
	<testsuite id="2" name="autoload_scaffold_test" package="tests/unit/feature/failure_respawn" timestamp="2026-05-03T04:14:01" hostname="localhost" tests="10" failures="0" errors="0" skipped="0" flaky="0" time="0.366">
		<testcase name="test_failure_respawn_service_class_name_and_extends" classname="autoload_scaffold_test" time="0.021">
		</testcase>
		<testcase name="test_failure_respawn_flow_state_enum_has_three_members" classname="autoload_scaffold_test" time="0.014">
		</testcase>
		<testcase name="test_failure_respawn_default_state_is_idle" classname="autoload_scaffold_test" time="0.021">
		</testcase>
		<testcase name="test_failure_respawn_ready_connects_to_events" classname="autoload_scaffold_test" time="0.020">
		</testcase>
		<testcase name="test_failure_respawn_exit_tree_disconnects" classname="autoload_scaffold_test" time="0.035">
		</testcase>
		<testcase name="test_failure_respawn_ready_registers_restore_callback" classname="autoload_scaffold_test" time="0.021">
		</testcase>
		<testcase name="test_failure_respawn_player_died_idle_transitions_out_of_idle" classname="autoload_scaffold_test" time="0.035">
		</testcase>
		<testcase name="test_failure_respawn_player_died_capturing_idempotency_drop" classname="autoload_scaffold_test" time="0.020">
		</testcase>
		<testcase name="test_failure_respawn_player_died_restoring_idempotency_drop" classname="autoload_scaffold_test" time="0.021">
		</testcase>
		<testcase name="test_failure_respawn_project_godot_autoload_entry_at_line_8" classname="autoload_scaffold_test" time="0.020">
		</testcase>
	</testsuite>
	<testsuite id="3" name="respawn_triggered_ordering_test" package="tests/unit/feature/failure_respawn" timestamp="2026-05-03T04:14:01" hostname="localhost" tests="6" failures="0" errors="0" skipped="0" flaky="0" time="0.242">
		<testcase name="test_respawn_triggered_emits_before_transition_to_section" classname="respawn_triggered_ordering_test" time="0.021">
		</testcase>
		<testcase name="test_respawn_triggered_no_subscriber_completes_without_error" classname="respawn_triggered_ordering_test" time="0.035">
		</testcase>
		<testcase name="test_respawn_triggered_soft_error_subscriber_continues" classname="respawn_triggered_ordering_test" time="0.021">
		</testcase>
		<testcase name="test_respawn_triggered_sole_publisher_invariant" classname="respawn_triggered_ordering_test" time="0.020">
		</testcase>
		<testcase name="test_respawn_triggered_section_id_matches_current_section" classname="respawn_triggered_ordering_test" time="0.021">
		</testcase>
		<testcase name="test_respawn_triggered_section_id_non_empty" classname="respawn_triggered_ordering_test" time="0.034">
		</testcase>
	</testsuite>
	<testsuite id="4" name="restore_callback_test" package="tests/unit/feature/failure_respawn" timestamp="2026-05-03T04:14:01" hostname="localhost" tests="8" failures="0" errors="0" skipped="0" flaky="0" time="0.318">
		<testcase name="test_restore_callback_applies_checkpoint_position" classname="restore_callback_test" time="0.021">
		</testcase>
		<testcase name="test_restore_callback_calls_reset_for_respawn" classname="restore_callback_test" time="0.021">
		</testcase>
		<testcase name="test_restore_callback_applies_position_before_reset" classname="restore_callback_test" time="0.020">
		</testcase>
		<testcase name="test_restore_callback_pops_loading_input_context" classname="restore_callback_test" time="0.035">
		</testcase>
		<testcase name="test_restore_callback_transitions_to_idle" classname="restore_callback_test" time="0.021">
		</testcase>
		<testcase name="test_restore_callback_drops_non_respawn_reason" classname="restore_callback_test" time="0.034">
		</testcase>
		<testcase name="test_restore_callback_drops_spurious_callback_while_idle" classname="restore_callback_test" time="0.021">
		</testcase>
		<testcase name="test_restore_callback_null_checkpoint_does_not_crash" classname="restore_callback_test" time="0.034">
		</testcase>
	</testsuite>
	<testsuite id="5" name="checkpoint_assembly_test" package="tests/unit/feature/failure_respawn" timestamp="2026-05-03T04:14:02" hostname="localhost" tests="7" failures="0" errors="0" skipped="0" flaky="0" time="0.270">
		<testcase name="test_section_entered_forward_assembles_checkpoint_from_marker" classname="checkpoint_assembly_test" time="0.022">
		</testcase>
		<testcase name="test_section_entered_missing_marker_logs_error_preserves_checkpoint" classname="checkpoint_assembly_test" time="0.020">
		</testcase>
		<testcase name="test_section_entered_forward_resets_floor_flag" classname="checkpoint_assembly_test" time="0.021">
		</testcase>
		<testcase name="test_section_entered_respawn_while_restoring_preserves_floor_flag" classname="checkpoint_assembly_test" time="0.035">
		</testcase>
		<testcase name="test_section_entered_forward_while_restoring_does_not_mutate_state" classname="checkpoint_assembly_test" time="0.020">
		</testcase>
		<testcase name="test_section_entered_new_game_resets_floor_flag_and_assembles" classname="checkpoint_assembly_test" time="0.035">
		</testcase>
		<testcase name="test_section_entered_updates_current_section_id" classname="checkpoint_assembly_test" time="0.020">
		</testcase>
	</testsuite>
	<testsuite id="6" name="anti_pattern_lints_test" package="tests/unit/feature/failure_respawn" timestamp="2026-05-03T04:14:02" hostname="localhost" tests="7" failures="0" errors="0" skipped="0" flaky="0" time="0.236">
		<testcase name="test_lint_respawn_triggered_sole_publisher_passes" classname="anti_pattern_lints_test" time="0.021">
		</testcase>
		<testcase name="test_lint_fr_no_await_in_capturing_passes" classname="anti_pattern_lints_test" time="0.021">
		</testcase>
		<testcase name="test_lint_fr_autosaving_on_respawn_passes" classname="anti_pattern_lints_test" time="0.014">
		</testcase>
		<testcase name="test_respawn_triggered_emit_only_in_failure_respawn_service" classname="anti_pattern_lints_test" time="0.014">
		</testcase>
		<testcase name="test_on_ls_restore_no_save_to_slot_call" classname="anti_pattern_lints_test" time="0.014">
		</testcase>
		<testcase name="test_on_player_died_no_await_in_body" classname="anti_pattern_lints_test" time="0.021">
		</testcase>
		<testcase name="test_registry_has_fr_autosaving_on_respawn_pattern" classname="anti_pattern_lints_test" time="0.021">
		</testcase>
	</testsuite>
	<testsuite id="7" name="capture_chain_test" package="tests/unit/feature/failure_respawn" timestamp="2026-05-03T04:14:02" hostname="localhost" tests="10" failures="0" errors="0" skipped="0" flaky="0" time="0.374">
		<testcase name="test_capturing_assembles_save_game_calls_save_then_transition_with_same_object" classname="capture_chain_test" time="0.021">
		</testcase>
		<testcase name="test_capturing_save_failure_continues_to_transition" classname="capture_chain_test" time="0.035">
		</testcase>
		<testcase name="test_failure_respawn_state_class_and_init_signature_default_is_false" classname="capture_chain_test" time="0.034">
		</testcase>
		<testcase name="test_failure_respawn_state_class_and_init_signature_one_arg_true" classname="capture_chain_test" time="0.021">
		</testcase>
		<testcase name="test_failure_respawn_state_capture_mirrors_flag_does_not_advance_live_false" classname="capture_chain_test" time="0.020">
		</testcase>
		<testcase name="test_failure_respawn_state_capture_mirrors_flag_does_not_advance_live_true" classname="capture_chain_test" time="0.021">
		</testcase>
		<testcase name="test_assembled_save_has_failure_respawn_with_live_flag" classname="capture_chain_test" time="0.020">
		</testcase>
		<testcase name="test_assembled_save_captures_floor_flag_true_when_live_flag_is_true" classname="capture_chain_test" time="0.021">
		</testcase>
		<testcase name="test_failure_respawn_service_no_await_in_capturing_path" classname="capture_chain_test" time="0.020">
		</testcase>
		<testcase name="test_capturing_completes_with_flow_state_restoring" classname="capture_chain_test" time="0.021">
		</testcase>
	</testsuite>
	<testsuite id="8" name="stealth_ai_enums_test" package="tests/unit/feature/stealth_ai" timestamp="2026-05-03T04:14:02" hostname="localhost" tests="10" failures="0" errors="0" skipped="0" flaky="0" time="0.339">
		<testcase name="test_alert_state_enum_has_six_values" classname="stealth_ai_enums_test" time="0.022">
		</testcase>
		<testcase name="test_alert_state_members_resolve_by_name" classname="stealth_ai_enums_test" time="0.014">
		</testcase>
		<testcase name="test_alert_state_unaware_is_zero" classname="stealth_ai_enums_test" time="0.021">
		</testcase>
		<testcase name="test_alert_cause_enum_has_seven_values" classname="stealth_ai_enums_test" time="0.021">
		</testcase>
		<testcase name="test_alert_cause_members_resolve_by_name" classname="stealth_ai_enums_test" time="0.014">
		</testcase>
		<testcase name="test_severity_enum_has_two_values" classname="stealth_ai_enums_test" time="0.014">
		</testcase>
		<testcase name="test_severity_minor_is_zero" classname="stealth_ai_enums_test" time="0.014">
		</testcase>
		<testcase name="test_takedown_type_enum_has_two_values" classname="stealth_ai_enums_test" time="0.014">
		</testcase>
		<testcase name="test_takedown_type_members_resolve_by_name" classname="stealth_ai_enums_test" time="0.021">
		</testcase>
		<testcase name="test_all_four_enums_are_populated" classname="stealth_ai_enums_test" time="0.021">
		</testcase>
	</testsuite>
	<testsuite id="9" name="stealth_ai_combined_score_test" package="tests/unit/feature/stealth_ai" timestamp="2026-05-03T04:14:03" hostname="localhost" tests="9" failures="0" errors="0" skipped="0" flaky="0" time="0.367">
		<testcase name="test_combined_score_pair_0_25_0_25_crosses_suspicious" classname="stealth_ai_combined_score_test" time="0.021">
		</testcase>
		<testcase name="test_combined_score_pair_0_3_0_at_suspicious_threshold" classname="stealth_ai_combined_score_test" time="0.020">
		</testcase>
		<testcase name="test_combined_score_pair_0_0_3_at_suspicious_threshold" classname="stealth_ai_combined_score_test" time="0.035">
		</testcase>
		<testcase name="test_combined_score_pair_0_15_0_3_crosses_suspicious" classname="stealth_ai_combined_score_test" time="0.021">
		</testcase>
		<testcase name="test_combined_score_pair_0_6_0_at_searching_threshold" classname="stealth_ai_combined_score_test" time="0.034">
		</testcase>
		<testcase name="test_combined_score_both_full_exceeds_one" classname="stealth_ai_combined_score_test" time="0.021">
		</testcase>
		<testcase name="test_combined_score_both_zero_no_transition" classname="stealth_ai_combined_score_test" time="0.034">
		</testcase>
		<testcase name="test_combined_score_not_cached_varies_with_accumulators" classname="stealth_ai_combined_score_test" time="0.020">
		</testcase>
		<testcase name="test_combined_score_formula_is_symmetric" classname="stealth_ai_combined_score_test" time="0.035">
		</testcase>
	</testsuite>
	<testsuite id="10" name="stealth_ai_takedown_prompt_active_test" package="tests/unit/feature/stealth_ai" timestamp="2026-05-03T04:14:03" hostname="localhost" tests="13" failures="0" errors="0" skipped="0" flaky="0" time="0.560">
		<testcase name="test_takedown_returns_true_when_state_is_unaware_and_all_dims_pass" classname="stealth_ai_takedown_prompt_active_test" time="0.022">
		</testcase>
		<testcase name="test_takedown_returns_true_when_state_is_suspicious" classname="stealth_ai_takedown_prompt_active_test" time="0.035">
		</testcase>
		<testcase name="test_takedown_returns_false_when_state_is_searching" classname="stealth_ai_takedown_prompt_active_test" time="0.034">
		</testcase>
		<testcase name="test_takedown_returns_false_when_state_is_combat" classname="stealth_ai_takedown_prompt_active_test" time="0.035">
		</testcase>
		<testcase name="test_takedown_returns_false_when_attacker_is_in_front" classname="stealth_ai_takedown_prompt_active_test" time="0.035">
		</testcase>
		<testcase name="test_takedown_returns_true_at_exactly_90_degrees_boundary" classname="stealth_ai_takedown_prompt_active_test" time="0.020">
		</testcase>
		<testcase name="test_takedown_returns_false_when_attacker_beyond_range" classname="stealth_ai_takedown_prompt_active_test" time="0.034">
		</testcase>
		<testcase name="test_takedown_distance_uses_xz_plane_only_ignores_y" classname="stealth_ai_takedown_prompt_active_test" time="0.021">
		</testcase>
		<testcase name="test_takedown_returns_false_when_los_to_player_is_true" classname="stealth_ai_takedown_prompt_active_test" time="0.034">
		</testcase>
		<testcase name="test_takedown_returns_true_when_perception_cache_uninitialized" classname="stealth_ai_takedown_prompt_active_test" time="0.021">
		</testcase>
		<testcase name="test_takedown_returns_false_when_attacker_is_null" classname="stealth_ai_takedown_prompt_active_test" time="0.035">
		</testcase>
		<testcase name="test_takedown_returns_false_when_attacker_at_zero_distance" classname="stealth_ai_takedown_prompt_active_test" time="0.021">
		</testcase>
		<testcase name="test_takedown_returns_false_when_attacker_at_near_zero_distance" classname="stealth_ai_takedown_prompt_active_test" time="0.035">
		</testcase>
	</testsuite>
	<testsuite id="11" name="stealth_ai_unaware_to_suspicious_test" package="tests/unit/feature/stealth_ai" timestamp="2026-05-03T04:14:04" hostname="localhost" tests="9" failures="0" errors="0" skipped="0" flaky="0" time="0.380">
		<testcase name="test_unaware_to_suspicious_fires_both_signals_in_order" classname="stealth_ai_unaware_to_suspicious_test" time="0.021">
		</testcase>
		<testcase name="test_unaware_no_transition_below_suspicious_threshold" classname="stealth_ai_unaware_to_suspicious_test" time="0.035">
		</testcase>
		<testcase name="test_unaware_transitions_at_suspicious_threshold_exactly" classname="stealth_ai_unaware_to_suspicious_test" time="0.035">
		</testcase>
		<testcase name="test_unaware_jumps_to_searching_at_searching_threshold" classname="stealth_ai_unaware_to_suspicious_test" time="0.020">
		</testcase>
		<testcase name="test_unaware_jumps_to_combat_at_combat_threshold" classname="stealth_ai_unaware_to_suspicious_test" time="0.035">
		</testcase>
		<testcase name="test_cause_is_saw_player_when_sight_dominates" classname="stealth_ai_unaware_to_suspicious_test" time="0.021">
		</testcase>
		<testcase name="test_cause_is_heard_noise_when_sound_dominates" classname="stealth_ai_unaware_to_suspicious_test" time="0.034">
		</testcase>
		<testcase name="test_cause_tie_breaks_to_saw_player_when_equal" classname="stealth_ai_unaware_to_suspicious_test" time="0.021">
		</testcase>
		<testcase name="test_evaluate_transitions_idempotent_no_retransition_same_state" classname="stealth_ai_unaware_to_suspicious_test" time="0.034">
		</testcase>
	</testsuite>
	<testsuite id="12" name="stealth_ai_suspicious_to_unaware_test" package="tests/unit/feature/stealth_ai" timestamp="2026-05-03T04:14:04" hostname="localhost" tests="4" failures="0" errors="0" skipped="0" flaky="0" time="0.153">
		<testcase name="test_suspicious_to_unaware_fires_correct_signals" classname="stealth_ai_suspicious_to_unaware_test" time="0.021">
		</testcase>
		<testcase name="test_suspicious_to_unaware_state_mutated_before_signal" classname="stealth_ai_suspicious_to_unaware_test" time="0.021">
		</testcase>
		<testcase name="test_de_escalate_to_same_state_is_idempotent" classname="stealth_ai_suspicious_to_unaware_test" time="0.034">
		</testcase>
		<testcase name="test_searching_to_suspicious_de_escalation_fires_actor_lost_target" classname="stealth_ai_suspicious_to_unaware_test" time="0.021">
		</testcase>
	</testsuite>
	<testsuite id="13" name="stealth_ai_severity_rule_test" package="tests/unit/feature/stealth_ai" timestamp="2026-05-03T04:14:04" hostname="localhost" tests="8" failures="0" errors="0" skipped="0" flaky="0" time="0.270">
		<testcase name="test_compute_severity_full_42_cell_matrix" classname="stealth_ai_severity_rule_test" time="0.021">
		</testcase>
		<testcase name="test_alerted_by_other_cause_is_uniformly_minor" classname="stealth_ai_severity_rule_test" time="0.013">
		</testcase>
		<testcase name="test_unconscious_state_is_uniformly_major_except_alerted_by_other" classname="stealth_ai_severity_rule_test" time="0.014">
		</testcase>
		<testcase name="test_dead_state_is_uniformly_major_except_alerted_by_other" classname="stealth_ai_severity_rule_test" time="0.014">
		</testcase>
		<testcase name="test_unaware_state_is_uniformly_minor" classname="stealth_ai_severity_rule_test" time="0.021">
		</testcase>
		<testcase name="test_suspicious_state_is_uniformly_minor" classname="stealth_ai_severity_rule_test" time="0.020">
		</testcase>
		<testcase name="test_searching_with_saw_player_is_major" classname="stealth_ai_severity_rule_test" time="0.014">
		</testcase>
		<testcase name="test_combat_with_saw_player_is_major" classname="stealth_ai_severity_rule_test" time="0.013">
		</testcase>
	</testsuite>
	<testsuite id="14" name="guard_scaffold_test" package="tests/unit/feature/stealth_ai" timestamp="2026-05-03T04:14:05" hostname="localhost" tests="21" failures="0" errors="0" skipped="0" flaky="0" time="0.788">
		<testcase name="test_guard_collision_layer_is_mask_ai" classname="guard_scaffold_test" time="0.020">
		</testcase>
		<testcase name="test_guard_collision_mask_is_world_or_player" classname="guard_scaffold_test" time="0.028">
		</testcase>
		<testcase name="test_guard_source_has_no_bare_integer_collision_assignments" classname="guard_scaffold_test" time="0.013">
		</testcase>
		<testcase name="test_guard_scene_has_navigation_agent_child" classname="guard_scaffold_test" time="0.021">
		</testcase>
		<testcase name="test_guard_scene_has_vision_cone_area_child" classname="guard_scaffold_test" time="0.020">
		</testcase>
		<testcase name="test_vision_cone_layers_per_acceptance_criteria" classname="guard_scaffold_test" time="0.035">
		</testcase>
		<testcase name="test_guard_scene_has_hearing_poller_child" classname="guard_scaffold_test" time="0.021">
		</testcase>
		<testcase name="test_guard_scene_has_perception_child" classname="guard_scaffold_test" time="0.021">
		</testcase>
		<testcase name="test_guard_scene_has_dialogue_anchor_child" classname="guard_scaffold_test" time="0.020">
		</testcase>
		<testcase name="test_guard_scene_has_outline_tier_mesh_child" classname="guard_scaffold_test" time="0.021">
		</testcase>
		<testcase name="test_vision_cone_shape_is_sphere_with_correct_radius" classname="guard_scaffold_test" time="0.020">
		</testcase>
		<testcase name="test_on_vision_cone_body_entered_rejects_ungrouped_body" classname="guard_scaffold_test" time="0.021">
		</testcase>
		<testcase name="test_on_vision_cone_body_entered_typed_class_check_rejects_group_misuse" classname="guard_scaffold_test" time="0.020">
		</testcase>
		<testcase name="test_on_vision_cone_body_entered_dead_guard_passes_filter" classname="guard_scaffold_test" time="0.021">
		</testcase>
		<testcase name="test_on_vision_cone_body_entered_body_in_both_groups_passes_group_filter" classname="guard_scaffold_test" time="0.021">
		</testcase>
		<testcase name="test_outline_tier_is_medium_after_ready" classname="guard_scaffold_test" time="0.035">
		</testcase>
		<testcase name="test_guard_source_does_not_assign_material_override" classname="guard_scaffold_test" time="0.021">
		</testcase>
		<testcase name="test_actor_id_field_exists_and_is_stringname" classname="guard_scaffold_test" time="0.034">
		</testcase>
		<testcase name="test_actor_id_is_exported_in_source" classname="guard_scaffold_test" time="0.021">
		</testcase>
		<testcase name="test_fresh_guard_has_zero_accumulators" classname="guard_scaffold_test" time="0.020">
		</testcase>
		<testcase name="test_fresh_guard_alert_state_is_unaware" classname="guard_scaffold_test" time="0.035">
		</testcase>
	</testsuite>
	<testsuite id="15" name="stealth_ai_receive_damage_synchronicity_test" package="tests/unit/feature/stealth_ai" timestamp="2026-05-03T04:14:05" hostname="localhost" tests="6" failures="0" errors="0" skipped="0" flaky="0" time="0.235">
		<testcase name="test_synchronicity_alert_state_mutated_before_alert_state_changed_signal" classname="stealth_ai_receive_damage_synchronicity_test" time="0.022">
		</testcase>
		<testcase name="test_synchronicity_alert_state_mutated_before_actor_became_alerted_signal" classname="stealth_ai_receive_damage_synchronicity_test" time="0.021">
		</testcase>
		<testcase name="test_synchronicity_holds_for_force_alert_state" classname="stealth_ai_receive_damage_synchronicity_test" time="0.021">
		</testcase>
		<testcase name="test_synchronicity_state_mutation_is_immediate_not_deferred" classname="stealth_ai_receive_damage_synchronicity_test" time="0.035">
		</testcase>
		<testcase name="test_synchronicity_signal_new_state_matches_mutated_state" classname="stealth_ai_receive_damage_synchronicity_test" time="0.020">
		</testcase>
		<testcase name="test_synchronicity_multiple_subscribers_all_observe_post_mutation_state" classname="stealth_ai_receive_damage_synchronicity_test" time="0.035">
		</testcase>
	</testsuite>
	<testsuite id="16" name="stealth_ai_behavior_dispatch_test" package="tests/unit/feature/stealth_ai" timestamp="2026-05-03T04:14:06" hostname="localhost" tests="6" failures="0" errors="0" skipped="0" flaky="0" time="0.235">
		<testcase name="test_unaware_initial_state_uses_patrol_speed" classname="stealth_ai_behavior_dispatch_test" time="0.021">
		</testcase>
		<testcase name="test_unaware_to_suspicious_sets_max_speed_to_zero_and_stops_in_place" classname="stealth_ai_behavior_dispatch_test" time="0.020">
		</testcase>
		<testcase name="test_suspicious_to_searching_navigates_to_last_sight_position" classname="stealth_ai_behavior_dispatch_test" time="0.021">
		</testcase>
		<testcase name="test_searching_to_combat_uses_combat_sprint_speed" classname="stealth_ai_behavior_dispatch_test" time="0.034">
		</testcase>
		<testcase name="test_combat_to_searching_de_escalation_uses_investigate_speed" classname="stealth_ai_behavior_dispatch_test" time="0.021">
		</testcase>
		<testcase name="test_suspicious_to_unaware_de_escalation_restores_patrol_speed" classname="stealth_ai_behavior_dispatch_test" time="0.035">
		</testcase>
	</testsuite>
	<testsuite id="17" name="stealth_ai_forbidden_patterns_test" package="tests/unit/feature/stealth_ai" timestamp="2026-05-03T04:14:06" hostname="localhost" tests="7" failures="0" errors="0" skipped="0" flaky="0" time="0.235">
		<testcase name="test_no_player_footstep_subscription_in_sai_source" classname="stealth_ai_forbidden_patterns_test" time="0.021">
		</testcase>
		<testcase name="test_no_sync_navigation_server_calls_in_sai_source" classname="stealth_ai_forbidden_patterns_test" time="0.020">
		</testcase>
		<testcase name="test_no_call_deferred_in_guard_gd" classname="stealth_ai_forbidden_patterns_test" time="0.021">
		</testcase>
		<testcase name="test_no_bare_physics_layer_integers_in_sai_source" classname="stealth_ai_forbidden_patterns_test" time="0.014">
		</testcase>
		<testcase name="test_events_gd_has_zero_enum_declarations" classname="stealth_ai_forbidden_patterns_test" time="0.014">
		</testcase>
		<testcase name="test_events_gd_contains_all_six_sai_signal_declarations" classname="stealth_ai_forbidden_patterns_test" time="0.014">
		</testcase>
		<testcase name="test_guard_incapacitated_cause_is_typed_as_int_not_enum" classname="stealth_ai_forbidden_patterns_test" time="0.020">
		</testcase>
	</testsuite>
	<testsuite id="18" name="stealth_ai_decay_test" package="tests/unit/feature/stealth_ai" timestamp="2026-05-03T04:14:06" hostname="localhost" tests="15" failures="0" errors="0" skipped="0" flaky="0" time="0.573">
		<testcase name="test_decay_sight_unaware_one_second_reduces_by_expected_rate" classname="stealth_ai_decay_test" time="0.021">
		</testcase>
		<testcase name="test_decay_sound_unaware_one_second_reduces_by_expected_rate" classname="stealth_ai_decay_test" time="0.027">
		</testcase>
		<testcase name="test_decay_sight_suspicious_one_second_reduces_by_expected_rate" classname="stealth_ai_decay_test" time="0.035">
		</testcase>
		<testcase name="test_decay_sound_suspicious_one_second_reduces_by_expected_rate" classname="stealth_ai_decay_test" time="0.035">
		</testcase>
		<testcase name="test_decay_sight_searching_one_second_reduces_by_expected_rate" classname="stealth_ai_decay_test" time="0.020">
		</testcase>
		<testcase name="test_decay_sound_searching_one_second_reduces_by_expected_rate" classname="stealth_ai_decay_test" time="0.034">
		</testcase>
		<testcase name="test_decay_sight_combat_one_second_reduces_by_expected_rate" classname="stealth_ai_decay_test" time="0.021">
		</testcase>
		<testcase name="test_decay_sound_combat_one_second_reduces_by_expected_rate" classname="stealth_ai_decay_test" time="0.021">
		</testcase>
		<testcase name="test_decay_never_goes_negative_after_ten_seconds_unaware" classname="stealth_ai_decay_test" time="0.021">
		</testcase>
		<testcase name="test_decay_hitch_guard_clamped_delta_never_negative_over_ten_seconds" classname="stealth_ai_decay_test" time="0.021">
		</testcase>
		<testcase name="test_decay_frame_spike_beyond_cap_is_clamped_no_negative" classname="stealth_ai_decay_test" time="0.021">
		</testcase>
		<testcase name="test_decay_sight_refresh_flag_prevents_sight_decay_in_same_frame" classname="stealth_ai_decay_test" time="0.021">
		</testcase>
		<testcase name="test_decay_refresh_flag_is_reset_to_false_after_apply_decay" classname="stealth_ai_decay_test" time="0.021">
		</testcase>
		<testcase name="test_suspicious_to_unaware_timeout_fires_after_suspicion_timeout_sec" classname="stealth_ai_decay_test" time="0.021">
		</testcase>
		<testcase name="test_suspicious_timer_resets_when_stimulus_arrives_above_threshold" classname="stealth_ai_decay_test" time="0.022">
		</testcase>
	</testsuite>
	<testsuite id="19" name="stealth_ai_reversibility_matrix_test" package="tests/unit/feature/stealth_ai" timestamp="2026-05-03T04:14:07" hostname="localhost" tests="14" failures="0" errors="0" skipped="0" flaky="0" time="0.525">
		<testcase name="test_matrix_unaware_to_suspicious_legal_edge" classname="stealth_ai_reversibility_matrix_test" time="0.021">
		</testcase>
		<testcase name="test_matrix_unaware_to_searching_legal_edge" classname="stealth_ai_reversibility_matrix_test" time="0.035">
		</testcase>
		<testcase name="test_matrix_unaware_to_combat_legal_edge" classname="stealth_ai_reversibility_matrix_test" time="0.021">
		</testcase>
		<testcase name="test_matrix_suspicious_to_searching_legal_edge" classname="stealth_ai_reversibility_matrix_test" time="0.034">
		</testcase>
		<testcase name="test_matrix_suspicious_to_combat_legal_edge" classname="stealth_ai_reversibility_matrix_test" time="0.020">
		</testcase>
		<testcase name="test_matrix_searching_to_combat_legal_edge" classname="stealth_ai_reversibility_matrix_test" time="0.021">
		</testcase>
		<testcase name="test_matrix_suspicious_to_unaware_de_escalation_edge" classname="stealth_ai_reversibility_matrix_test" time="0.020">
		</testcase>
		<testcase name="test_matrix_searching_to_suspicious_de_escalation_edge" classname="stealth_ai_reversibility_matrix_test" time="0.021">
		</testcase>
		<testcase name="test_matrix_combat_to_searching_de_escalation_edge" classname="stealth_ai_reversibility_matrix_test" time="0.021">
		</testcase>
		<testcase name="test_matrix_combat_to_unaware_direct_forbidden" classname="stealth_ai_reversibility_matrix_test" time="0.021">
		</testcase>
		<testcase name="test_matrix_combat_to_suspicious_direct_forbidden" classname="stealth_ai_reversibility_matrix_test" time="0.020">
		</testcase>
		<testcase name="test_matrix_searching_to_unaware_direct_forbidden" classname="stealth_ai_reversibility_matrix_test" time="0.021">
		</testcase>
		<testcase name="test_matrix_terminal_state_force_alert_always_rejected_unconscious" classname="stealth_ai_reversibility_matrix_test" time="0.021">
		</testcase>
		<testcase name="test_matrix_terminal_state_force_alert_always_rejected_dead" classname="stealth_ai_reversibility_matrix_test" time="0.035">
		</testcase>
	</testsuite>
	<testsuite id="20" name="stealth_ai_sight_fill_rate_test" package="tests/unit/feature/stealth_ai" timestamp="2026-05-03T04:14:07" hostname="localhost" tests="12" failures="0" errors="0" skipped="0" flaky="0" time="0.442">
		<testcase name="test_sight_fill_rate_range_movement_15_cell_matrix" classname="stealth_ai_sight_fill_rate_test" time="0.021">
		</testcase>
		<testcase name="test_sight_fill_rate_silhouette_3_rows" classname="stealth_ai_sight_fill_rate_test" time="0.034">
		</testcase>
		<testcase name="test_sight_fill_rate_state_multiplier_4_rows" classname="stealth_ai_sight_fill_rate_test" time="0.035">
		</testcase>
		<testcase name="test_sight_fill_rate_dead_body_is_double_alive_at_same_range" classname="stealth_ai_sight_fill_rate_test" time="0.021">
		</testcase>
		<testcase name="test_sight_fill_rate_dead_movement_state_yields_zero" classname="stealth_ai_sight_fill_rate_test" time="0.020">
		</testcase>
		<testcase name="test_sight_fill_rate_zero_distance_short_circuit" classname="stealth_ai_sight_fill_rate_test" time="0.021">
		</testcase>
		<testcase name="test_perception_cache_written_after_los_clear_tick" classname="stealth_ai_sight_fill_rate_test" time="0.021">
		</testcase>
		<testcase name="test_perception_cache_records_saw_body_for_dead_target" classname="stealth_ai_sight_fill_rate_test" time="0.020">
		</testcase>
		<testcase name="test_perception_cache_records_los_blocked" classname="stealth_ai_sight_fill_rate_test" time="0.021">
		</testcase>
		<testcase name="test_sight_accumulator_clamps_to_one_upper_bound" classname="stealth_ai_sight_fill_rate_test" time="0.021">
		</testcase>
		<testcase name="test_sight_accumulator_starts_at_zero_and_increases" classname="stealth_ai_sight_fill_rate_test" time="0.020">
		</testcase>
		<testcase name="test_single_sight_fill_tick_issues_exactly_one_raycast" classname="stealth_ai_sight_fill_rate_test" time="0.021">
		</testcase>
	</testsuite>
	<testsuite id="21" name="stealth_ai_combat_to_searching_test" package="tests/unit/feature/stealth_ai" timestamp="2026-05-03T04:14:08" hostname="localhost" tests="7" failures="0" errors="0" skipped="0" flaky="0" time="0.284">
		<testcase name="test_combat_to_searching_fires_after_combat_lost_target_sec" classname="stealth_ai_combat_to_searching_test" time="0.021">
		</testcase>
		<testcase name="test_combat_never_transitions_directly_to_unaware" classname="stealth_ai_combat_to_searching_test" time="0.020">
		</testcase>
		<testcase name="test_combat_to_searching_sets_sight_to_t_searching_minus_epsilon" classname="stealth_ai_combat_to_searching_test" time="0.035">
		</testcase>
		<testcase name="test_combat_to_searching_emits_alert_state_changed_major" classname="stealth_ai_combat_to_searching_test" time="0.021">
		</testcase>
		<testcase name="test_combat_to_searching_emits_actor_lost_target_major" classname="stealth_ai_combat_to_searching_test" time="0.034">
		</testcase>
		<testcase name="test_combat_timer_resets_when_los_is_confirmed" classname="stealth_ai_combat_to_searching_test" time="0.021">
		</testcase>
		<testcase name="test_combat_timer_initialised_on_entry_via_force_alert_state" classname="stealth_ai_combat_to_searching_test" time="0.034">
		</testcase>
	</testsuite>
	<testsuite id="22" name="stealth_ai_force_alert_state_test" package="tests/unit/feature/stealth_ai" timestamp="2026-05-03T04:14:08" hostname="localhost" tests="19" failures="0" errors="0" skipped="0" flaky="0" time="0.739">
		<testcase name="test_force_alert_state_unaware_to_suspicious_succeeds" classname="stealth_ai_force_alert_state_test" time="0.021">
		</testcase>
		<testcase name="test_force_alert_state_unaware_to_searching_succeeds" classname="stealth_ai_force_alert_state_test" time="0.028">
		</testcase>
		<testcase name="test_force_alert_state_suspicious_to_combat_succeeds" classname="stealth_ai_force_alert_state_test" time="0.035">
		</testcase>
		<testcase name="test_force_alert_state_de_escalation_rejected" classname="stealth_ai_force_alert_state_test" time="0.034">
		</testcase>
		<testcase name="test_force_alert_state_same_state_rejected" classname="stealth_ai_force_alert_state_test" time="0.021">
		</testcase>
		<testcase name="test_force_alert_state_unconscious_always_rejected" classname="stealth_ai_force_alert_state_test" time="0.034">
		</testcase>
		<testcase name="test_force_alert_state_dead_always_rejected" classname="stealth_ai_force_alert_state_test" time="0.020">
		</testcase>
		<testcase name="test_force_alert_state_dead_rejected_from_combat" classname="stealth_ai_force_alert_state_test" time="0.021">
		</testcase>
		<testcase name="test_force_alert_state_scripted_cause_emits_became_alerted" classname="stealth_ai_force_alert_state_test" time="0.021">
		</testcase>
		<testcase name="test_force_alert_state_alerted_by_other_suppresses_became_alerted" classname="stealth_ai_force_alert_state_test" time="0.021">
		</testcase>
		<testcase name="test_force_alert_state_signal_emission_order" classname="stealth_ai_force_alert_state_test" time="0.020">
		</testcase>
		<testcase name="test_threshold_t_suspicious_default" classname="stealth_ai_force_alert_state_test" time="0.021">
		</testcase>
		<testcase name="test_threshold_t_searching_default" classname="stealth_ai_force_alert_state_test" time="0.020">
		</testcase>
		<testcase name="test_threshold_t_combat_default" classname="stealth_ai_force_alert_state_test" time="0.021">
		</testcase>
		<testcase name="test_threshold_t_decay_unaware_default" classname="stealth_ai_force_alert_state_test" time="0.020">
		</testcase>
		<testcase name="test_threshold_t_decay_searching_default" classname="stealth_ai_force_alert_state_test" time="0.035">
		</testcase>
		<testcase name="test_timer_exports_have_correct_defaults" classname="stealth_ai_force_alert_state_test" time="0.021">
		</testcase>
		<testcase name="test_threshold_exports_are_export_range_in_source" classname="stealth_ai_force_alert_state_test" time="0.014">
		</testcase>
		<testcase name="test_threshold_t_suspicious_is_tunable" classname="stealth_ai_force_alert_state_test" time="0.035">
		</testcase>
	</testsuite>
	<testsuite id="23" name="raycast_provider_test" package="tests/unit/feature/stealth_ai" timestamp="2026-05-03T04:14:09" hostname="localhost" tests="6" failures="0" errors="0" skipped="0" flaky="0" time="0.200">
		<testcase name="test_iraycast_provider_is_abstract_class" classname="raycast_provider_test" time="0.021">
		</testcase>
		<testcase name="test_real_raycast_provider_init_has_null_assert" classname="raycast_provider_test" time="0.021">
		</testcase>
		<testcase name="test_counting_provider_call_count_starts_at_zero" classname="raycast_provider_test" time="0.014">
		</testcase>
		<testcase name="test_counting_provider_call_count_increments_per_cast" classname="raycast_provider_test" time="0.013">
		</testcase>
		<testcase name="test_counting_provider_returns_scripted_result_verbatim" classname="raycast_provider_test" time="0.014">
		</testcase>
		<testcase name="test_counting_provider_default_scripted_result_is_empty" classname="raycast_provider_test" time="0.021">
		</testcase>
	</testsuite>
	<testsuite id="24" name="stealth_ai_has_los_accessor_test" package="tests/unit/feature/stealth_ai" timestamp="2026-05-03T04:14:09" hostname="localhost" tests="8" failures="0" errors="0" skipped="0" flaky="0" time="0.306">
		<testcase name="test_perception_cache_default_field_values" classname="stealth_ai_has_los_accessor_test" time="0.022">
		</testcase>
		<testcase name="test_perception_init_stores_provided_raycast_provider" classname="stealth_ai_has_los_accessor_test" time="0.020">
		</testcase>
		<testcase name="test_has_los_to_player_returns_false_on_cold_start" classname="stealth_ai_has_los_accessor_test" time="0.021">
		</testcase>
		<testcase name="test_has_los_to_player_does_not_issue_raycast_on_cold_start" classname="stealth_ai_has_los_accessor_test" time="0.034">
		</testcase>
		<testcase name="test_has_los_to_player_returns_cached_true_when_initialized" classname="stealth_ai_has_los_accessor_test" time="0.021">
		</testcase>
		<testcase name="test_has_los_to_player_returns_cached_false_when_not_in_los" classname="stealth_ai_has_los_accessor_test" time="0.021">
		</testcase>
		<testcase name="test_has_los_to_player_does_not_issue_raycast_on_cache_hit" classname="stealth_ai_has_los_accessor_test" time="0.034">
		</testcase>
		<testcase name="test_perception_cache_returns_stale_value_when_no_new_frame_tick" classname="stealth_ai_has_los_accessor_test" time="0.021">
		</testcase>
	</testsuite>
	<testsuite id="25" name="stealth_alert_audio_subscriber_test" package="tests/unit/feature/stealth_ai" timestamp="2026-05-03T04:14:09" hostname="localhost" tests="12" failures="0" errors="0" skipped="0" flaky="0" time="0.484">
		<testcase name="test_subscriber_connects_to_sai_signals_on_ready" classname="stealth_alert_audio_subscriber_test" time="0.021">
		</testcase>
		<testcase name="test_subscriber_disconnects_from_sai_signals_on_exit_tree" classname="stealth_alert_audio_subscriber_test" time="0.021">
		</testcase>
		<testcase name="test_major_severity_plays_stinger" classname="stealth_alert_audio_subscriber_test" time="0.035">
		</testcase>
		<testcase name="test_major_severity_stinger_origin_is_actor_position" classname="stealth_alert_audio_subscriber_test" time="0.021">
		</testcase>
		<testcase name="test_minor_severity_does_not_play_stinger" classname="stealth_alert_audio_subscriber_test" time="0.034">
		</testcase>
		<testcase name="test_multiple_major_emissions_accumulate_stinger_count" classname="stealth_alert_audio_subscriber_test" time="0.021">
		</testcase>
		<testcase name="test_mixed_severity_emissions_only_major_play_stingers" classname="stealth_alert_audio_subscriber_test" time="0.034">
		</testcase>
		<testcase name="test_alert_state_changed_updates_guard_state_dict" classname="stealth_alert_audio_subscriber_test" time="0.020">
		</testcase>
		<testcase name="test_same_state_transition_is_no_op" classname="stealth_alert_audio_subscriber_test" time="0.034">
		</testcase>
		<testcase name="test_multiple_guards_tracked_independently" classname="stealth_alert_audio_subscriber_test" time="0.020">
		</testcase>
		<testcase name="test_real_guard_force_alert_state_triggers_subscriber" classname="stealth_alert_audio_subscriber_test" time="0.035">
		</testcase>
		<testcase name="test_real_guard_escalation_to_suspicious_does_not_play_stinger" classname="stealth_alert_audio_subscriber_test" time="0.020">
		</testcase>
	</testsuite>
	<testsuite id="26" name="subtitle_defaults_test" package="tests/unit/feature/settings" timestamp="2026-05-03T04:14:10" hostname="localhost" tests="12" failures="0" errors="0" skipped="0" flaky="0" time="0.484">
		<testcase name="test_first_launch_writes_all_six_subtitle_cluster_defaults" classname="subtitle_defaults_test" time="0.021">
		</testcase>
		<testcase name="test_settings_defaults_subtitles_enabled_const_is_true" classname="subtitle_defaults_test" time="0.021">
		</testcase>
		<testcase name="test_no_subtitles_enabled_false_in_settings_defaults_source" classname="subtitle_defaults_test" time="0.013">
		</testcase>
		<testcase name="test_persistence_round_trip_preserves_subtitle_cluster_types" classname="subtitle_defaults_test" time="0.014">
		</testcase>
		<testcase name="test_burst_emits_subtitle_cluster_with_background_as_stringname" classname="subtitle_defaults_test" time="0.027">
		</testcase>
		<testcase name="test_invalid_subtitle_size_scale_preset_is_healed_to_default" classname="subtitle_defaults_test" time="0.035">
		</testcase>
		<testcase name="test_valid_subtitle_size_scale_preset_is_not_healed" classname="subtitle_defaults_test" time="0.034">
		</testcase>
		<testcase name="test_subtitle_line_spacing_scale_above_ceiling_is_clamped_to_1_5" classname="subtitle_defaults_test" time="0.022">
		</testcase>
		<testcase name="test_subtitle_letter_spacing_em_above_ceiling_is_clamped_to_0_12" classname="subtitle_defaults_test" time="0.035">
		</testcase>
		<testcase name="test_subtitle_letter_spacing_em_negative_is_clamped_to_0" classname="subtitle_defaults_test" time="0.021">
		</testcase>
		<testcase name="test_invalid_subtitle_background_defaults_to_scrim" classname="subtitle_defaults_test" time="0.034">
		</testcase>
		<testcase name="test_restore_defaults_resets_subtitle_cluster_unlike_photosensitivity" classname="subtitle_defaults_test" time="0.021">
		</testcase>
	</testsuite>
	<testsuite id="27" name="settings_service_scaffold_test" package="tests/unit/feature/settings" timestamp="2026-05-03T04:14:10" hostname="localhost" tests="6" failures="0" errors="0" skipped="0" flaky="0" time="0.221">
		<testcase name="test_autoload_registered_after_mission_level_scripting" classname="settings_service_scaffold_test" time="0.021">
		</testcase>
		<testcase name="test_autoload_present_in_scene_tree_root" classname="settings_service_scaffold_test" time="0.020">
		</testcase>
		<testcase name="test_fresh_install_populate_defaults_writes_full_manifest" classname="settings_service_scaffold_test" time="0.035">
		</testcase>
		<testcase name="test_load_error_fallback_populates_defaults" classname="settings_service_scaffold_test" time="0.021">
		</testcase>
		<testcase name="test_config_file_round_trip_preserves_all_supported_types" classname="settings_service_scaffold_test" time="0.014">
		</testcase>
		<testcase name="test_config_file_string_name_stores_as_string_with_reconstitution" classname="settings_service_scaffold_test" time="0.014">
		</testcase>
	</testsuite>
	<testsuite id="28" name="photosensitivity_floor_test" package="tests/unit/feature/settings" timestamp="2026-05-03T04:14:11" hostname="localhost" tests="6" failures="0" errors="0" skipped="0" flaky="0" time="0.249">
		<testcase name="test_sub_floor_cooldown_is_clamped_to_333_ms" classname="photosensitivity_floor_test" time="0.036">
		</testcase>
		<testcase name="test_at_floor_cooldown_is_not_clamped" classname="photosensitivity_floor_test" time="0.021">
		</testcase>
		<testcase name="test_above_floor_cooldown_is_not_clamped" classname="photosensitivity_floor_test" time="0.034">
		</testcase>
		<testcase name="test_wrong_type_cooldown_defaults_to_floor" classname="photosensitivity_floor_test" time="0.021">
		</testcase>
		<testcase name="test_float_sub_floor_cooldown_is_clamped" classname="photosensitivity_floor_test" time="0.035">
		</testcase>
		<testcase name="test_self_heal_persists_across_save_and_reload" classname="photosensitivity_floor_test" time="0.021">
		</testcase>
	</testsuite>
	<testsuite id="29" name="forbidden_patterns_ci_test" package="tests/unit/feature/settings" timestamp="2026-05-03T04:14:11" hostname="localhost" tests="5" failures="0" errors="0" skipped="0" flaky="0" time="0.167">
		<testcase name="test_fp1_setting_changed_sole_publisher_in_src" classname="forbidden_patterns_ci_test" time="0.021">
		</testcase>
		<testcase name="test_fp2_settings_cfg_sole_reader_writer_in_src" classname="forbidden_patterns_ci_test" time="0.014">
		</testcase>
		<testcase name="test_fp4_no_settings_keys_in_save_load_files" classname="forbidden_patterns_ci_test" time="0.015">
		</testcase>
		<testcase name="test_fp5_fp6_setting_changed_handler_discipline" classname="forbidden_patterns_ci_test" time="0.021">
		</testcase>
		<testcase name="test_fp9_no_await_or_call_deferred_in_setting_changed_handlers" classname="forbidden_patterns_ci_test" time="0.021">
		</testcase>
	</testsuite>
	<testsuite id="30" name="audio_formula_test" package="tests/unit/feature/settings" timestamp="2026-05-03T04:14:11" hostname="localhost" tests="15" failures="0" errors="0" skipped="0" flaky="0" time="0.504">
		<testcase name="test_round_trip_pct_to_db_to_pct_within_half_point_for_sample_set" classname="audio_formula_test" time="0.021">
		</testcase>
		<testcase name="test_pct_to_db_zero_returns_silence_floor" classname="audio_formula_test" time="0.021">
		</testcase>
		<testcase name="test_is_silence_returns_true_for_zero_position" classname="audio_formula_test" time="0.013">
		</testcase>
		<testcase name="test_pct_to_db_clamps_above_100_to_zero_db" classname="audio_formula_test" time="0.014">
		</testcase>
		<testcase name="test_pct_to_db_clamps_below_zero_to_silence_floor" classname="audio_formula_test" time="0.013">
		</testcase>
		<testcase name="test_db_to_pct_clamps_above_zero_to_100" classname="audio_formula_test" time="0.021">
		</testcase>
		<testcase name="test_db_to_pct_clamps_below_floor_to_zero" classname="audio_formula_test" time="0.021">
		</testcase>
		<testcase name="test_pct_to_db_nan_returns_silence_floor" classname="audio_formula_test" time="0.014">
		</testcase>
		<testcase name="test_pct_to_db_inf_returns_silence_floor" classname="audio_formula_test" time="0.013">
		</testcase>
		<testcase name="test_db_to_pct_nan_returns_zero_position" classname="audio_formula_test" time="0.014">
		</testcase>
		<testcase name="test_db_to_pct_inf_returns_zero_position" classname="audio_formula_test" time="0.020">
		</testcase>
		<testcase name="test_db_to_pct_below_segment_a_floor_returns_one_not_zero" classname="audio_formula_test" time="0.021">
		</testcase>
		<testcase name="test_pct_to_db_at_knee_returns_minus_12_db" classname="audio_formula_test" time="0.014">
		</testcase>
		<testcase name="test_pct_to_db_at_max_returns_zero_db" classname="audio_formula_test" time="0.014">
		</testcase>
		<testcase name="test_pct_to_db_at_one_returns_segment_a_base" classname="audio_formula_test" time="0.014">
		</testcase>
	</testsuite>
	<testsuite id="31" name="boot_lifecycle_test" package="tests/unit/feature/settings" timestamp="2026-05-03T04:14:12" hostname="localhost" tests="7" failures="0" errors="0" skipped="0" flaky="0" time="0.244">
		<testcase name="test_burst_emits_one_signal_per_non_controls_triple" classname="boot_lifecycle_test" time="0.022">
		</testcase>
		<testcase name="test_settings_loaded_one_shot_across_multiple_burst_calls" classname="boot_lifecycle_test" time="0.021">
		</testcase>
		<testcase name="test_boot_warning_pending_true_when_key_absent" classname="boot_lifecycle_test" time="0.020">
		</testcase>
		<testcase name="test_boot_warning_pending_false_when_key_present_and_true" classname="boot_lifecycle_test" time="0.021">
		</testcase>
		<testcase name="test_boot_warning_pending_false_even_when_key_value_is_false" classname="boot_lifecycle_test" time="0.020">
		</testcase>
		<testcase name="test_dismiss_warning_persists_flag_and_returns_true_on_success" classname="boot_lifecycle_test" time="0.021">
		</testcase>
		<testcase name="test_restore_defaults_preserves_photosensitivity_cluster" classname="boot_lifecycle_test" time="0.021">
		</testcase>
	</testsuite>
	<testsuite id="32" name="hss_alert_cue_test" package="tests/unit/feature/hud_state_signaling" timestamp="2026-05-03T04:14:12" hostname="localhost" tests="10" failures="0" errors="0" skipped="0" flaky="0" time="0.574">
		<testcase name="test_first_alert_event_enters_alert_cue_state" classname="hss_alert_cue_test" time="0.062">
		</testcase>
		<testcase name="test_same_severity_event_within_cooldown_is_suppressed" classname="hss_alert_cue_test" time="0.041">
		</testcase>
		<testcase name="test_different_actor_alert_passes_per_actor_gate" classname="hss_alert_cue_test" time="0.038">
		</testcase>
		<testcase name="test_alert_cue_timer_timeout_clears_state" classname="hss_alert_cue_test" time="0.047">
		</testcase>
		<testcase name="test_unaware_new_state_never_triggers_alert_cue" classname="hss_alert_cue_test" time="0.052">
		</testcase>
		<testcase name="test_freed_actor_refs_are_erased_from_rate_gate_dicts" classname="hss_alert_cue_test" time="0.053">
		</testcase>
		<testcase name="test_upward_severity_bypasses_cooldown_and_re_fires_alert_cue" classname="hss_alert_cue_test" time="0.051">
		</testcase>
		<testcase name="test_ui_context_leave_kills_alert_cue" classname="hss_alert_cue_test" time="0.050">
		</testcase>
		<testcase name="test_hss_source_has_no_process_or_physics_process" classname="hss_alert_cue_test" time="0.014">
		</testcase>
		<testcase name="test_hss_source_has_no_assertive_live_region" classname="hss_alert_cue_test" time="0.015">
		</testcase>
	</testsuite>
	<testsuite id="33" name="hss_memo_notification_test" package="tests/unit/feature/hud_state_signaling" timestamp="2026-05-03T04:14:12" hostname="localhost" tests="9" failures="0" errors="0" skipped="0" flaky="0" time="0.564">
		<testcase name="test_document_collected_activates_memo_state_when_idle" classname="hss_memo_notification_test" time="0.052">
		</testcase>
		<testcase name="test_document_collected_queues_memo_when_alert_active" classname="hss_memo_notification_test" time="0.052">
		</testcase>
		<testcase name="test_queued_memo_activates_when_alert_cue_dismisses_within_freshness" classname="hss_memo_notification_test" time="0.046">
		</testcase>
		<testcase name="test_stale_queued_memo_is_discarded_on_alert_cue_dismiss" classname="hss_memo_notification_test" time="0.056">
		</testcase>
		<testcase name="test_empty_document_id_is_rejected" classname="hss_memo_notification_test" time="0.042">
		</testcase>
		<testcase name="test_ui_context_leave_kills_memo_and_clears_queue" classname="hss_memo_notification_test" time="0.050">
		</testcase>
		<testcase name="test_hss_emits_zero_signals_after_memo_notification_added" classname="hss_memo_notification_test" time="0.014">
		</testcase>
		<testcase name="test_document_collected_subscribed_in_ready_and_disconnected_in_exit" classname="hss_memo_notification_test" time="0.067">
		</testcase>
		<testcase name="test_memo_timer_wait_time_is_3_seconds" classname="hss_memo_notification_test" time="0.055">
		</testcase>
	</testsuite>
	<testsuite id="34" name="hss_structural_scaffold_test" package="tests/unit/feature/hud_state_signaling" timestamp="2026-05-03T04:14:13" hostname="localhost" tests="7" failures="0" errors="0" skipped="0" flaky="0" time="0.419">
		<testcase name="test_alert_state_changed_signal_connected_once_after_ready" classname="hss_structural_scaffold_test" time="0.058">
		</testcase>
		<testcase name="test_hss_holds_label_and_registers_resolver_extension" classname="hss_structural_scaffold_test" time="0.051">
		</testcase>
		<testcase name="test_exit_tree_unregisters_resolver_and_clears_rate_gates" classname="hss_structural_scaffold_test" time="0.059">
		</testcase>
		<testcase name="test_hss_disabled_when_hud_core_absent" classname="hss_structural_scaffold_test" time="0.029">
		</testcase>
		<testcase name="test_hss_emits_zero_events_signals" classname="hss_structural_scaffold_test" time="0.014">
		</testcase>
		<testcase name="test_resolve_hss_state_returns_hidden_sentinel_when_inactive" classname="hss_structural_scaffold_test" time="0.058">
		</testcase>
		<testcase name="test_context_leave_clears_hss_state" classname="hss_structural_scaffold_test" time="0.050">
		</testcase>
	</testsuite>
	<testsuite id="35" name="mission_resource_validation_test" package="tests/unit/feature/mission_level_scripting" timestamp="2026-05-03T04:14:13" hostname="localhost" tests="5" failures="0" errors="0" skipped="0" flaky="0" time="0.194">
		<testcase name="test_mission_resource_validation_empty_objectives_array_fails" classname="mission_resource_validation_test" time="0.028">
		</testcase>
		<testcase name="test_mission_resource_validation_no_required_objectives_fails" classname="mission_resource_validation_test" time="0.021">
		</testcase>
		<testcase name="test_mission_resource_validation_self_prereq_fails" classname="mission_resource_validation_test" time="0.021">
		</testcase>
		<testcase name="test_mission_resource_validation_prereq_cycle_fails" classname="mission_resource_validation_test" time="0.034">
		</testcase>
		<testcase name="test_mission_resource_validation_linear_prereq_chain_passes" classname="mission_resource_validation_test" time="0.021">
		</testcase>
	</testsuite>
	<testsuite id="36" name="plaza_section_contract_test" package="tests/unit/feature/mission_level_scripting" timestamp="2026-05-03T04:14:14" hostname="localhost" tests="8" failures="0" errors="0" skipped="0" flaky="0" time="0.284">
		<testcase name="test_plaza_section_script_exists_and_class_name_correct" classname="plaza_section_contract_test" time="0.022">
		</testcase>
		<testcase name="test_plaza_section_has_required_export_fields" classname="plaza_section_contract_test" time="0.021">
		</testcase>
		<testcase name="test_plaza_section_discovery_surface_ids_non_empty" classname="plaza_section_contract_test" time="0.034">
		</testcase>
		<testcase name="test_plaza_section_passivity_no_emit_in_ready_or_enter_tree" classname="plaza_section_contract_test" time="0.021">
		</testcase>
		<testcase name="test_plaza_section_no_forbidden_node_names" classname="plaza_section_contract_test" time="0.013">
		</testcase>
		<testcase name="test_plaza_section_section_id_in_registry" classname="plaza_section_contract_test" time="0.014">
		</testcase>
		<testcase name="test_validate_section_contract_script_exists" classname="plaza_section_contract_test" time="0.013">
		</testcase>
		<testcase name="test_plaza_section_contract_advisory_pending_scene_authoring" classname="plaza_section_contract_test" time="0.022">
		</testcase>
	</testsuite>
	<testsuite id="37" name="savegame_assembler_test" package="tests/unit/feature/mission_level_scripting" timestamp="2026-05-03T04:14:14" hostname="localhost" tests="5" failures="0" errors="0" skipped="0" flaky="0" time="0.174">
		<testcase name="test_forward_section_entered_writes_slot_zero_autosave" classname="savegame_assembler_test" time="0.021">
		</testcase>
		<testcase name="test_respawn_section_entered_does_not_autosave" classname="savegame_assembler_test" time="0.021">
		</testcase>
		<testcase name="test_save_assembler_no_await_or_call_deferred_in_assembly_chain" classname="savegame_assembler_test" time="0.020">
		</testcase>
		<testcase name="test_respawn_branch_does_not_reach_save_to_slot" classname="savegame_assembler_test" time="0.014">
		</testcase>
		<testcase name="test_load_from_save_branch_does_not_emit_objective_started" classname="savegame_assembler_test" time="0.014">
		</testcase>
	</testsuite>
	<testsuite id="38" name="mission_state_machine_test" package="tests/unit/feature/mission_level_scripting" timestamp="2026-05-03T04:14:14" hostname="localhost" tests="6" failures="0" errors="0" skipped="0" flaky="0" time="0.262">
		<testcase name="test_mission_state_machine_default_phase_is_idle" classname="mission_state_machine_test" time="0.035">
		</testcase>
		<testcase name="test_mission_state_machine_section_entered_new_game_starts_mission" classname="mission_state_machine_test" time="0.034">
		</testcase>
		<testcase name="test_mission_state_machine_all_required_complete_completes_mission" classname="mission_state_machine_test" time="0.021">
		</testcase>
		<testcase name="test_mission_state_machine_double_start_drops_with_push_error" classname="mission_state_machine_test" time="0.035">
		</testcase>
		<testcase name="test_mission_state_machine_completed_late_objective_completed_ignored" classname="mission_state_machine_test" time="0.020">
		</testcase>
		<testcase name="test_mission_state_machine_load_failure_stays_idle" classname="mission_state_machine_test" time="0.035">
		</testcase>
	</testsuite>
	<testsuite id="39" name="forbidden_patterns_ci_test" package="tests/unit/feature/mission_level_scripting" timestamp="2026-05-03T04:14:14" hostname="localhost" tests="3" failures="0" errors="0" skipped="0" flaky="0" time="0.108">
		<testcase name="test_forbidden_patterns_no_waypoint_or_minimap_in_src" classname="forbidden_patterns_ci_test" time="0.025">
		</testcase>
		<testcase name="test_forbidden_patterns_no_quest_banner_in_src" classname="forbidden_patterns_ci_test" time="0.020">
		</testcase>
		<testcase name="test_forbidden_patterns_no_events_ref_in_mls_init_body" classname="forbidden_patterns_ci_test" time="0.021">
		</testcase>
	</testsuite>
	<testsuite id="40" name="objective_state_machine_test" package="tests/unit/feature/mission_level_scripting" timestamp="2026-05-03T04:14:15" hostname="localhost" tests="7" failures="0" errors="0" skipped="0" flaky="0" time="0.298">
		<testcase name="test_objective_state_machine_no_prereqs_activates_on_mission_started" classname="objective_state_machine_test" time="0.021">
		</testcase>
		<testcase name="test_objective_state_machine_prereq_completed_unlocks_dependent" classname="objective_state_machine_test" time="0.034">
		</testcase>
		<testcase name="test_objective_state_machine_completion_signal_dispatches_to_active" classname="objective_state_machine_test" time="0.034">
		</testcase>
		<testcase name="test_objective_state_machine_late_completion_signal_ignored" classname="objective_state_machine_test" time="0.021">
		</testcase>
		<testcase name="test_objective_state_machine_optional_pending_does_not_block_completion" classname="objective_state_machine_test" time="0.034">
		</testcase>
		<testcase name="test_objective_state_machine_completion_filter_method_called" classname="objective_state_machine_test" time="0.021">
		</testcase>
		<testcase name="test_objective_state_machine_disconnects_signal_after_completion" classname="objective_state_machine_test" time="0.035">
		</testcase>
	</testsuite>
	<testsuite id="41" name="autoload_order_test" package="tests/unit/feature/mission_level_scripting" timestamp="2026-05-03T04:14:15" hostname="localhost" tests="6" failures="0" errors="0" skipped="0" flaky="0" time="0.228">
		<testcase name="test_mission_level_scripting_service_class_name_and_extends" classname="autoload_order_test" time="0.027">
		</testcase>
		<testcase name="test_mission_level_scripting_project_godot_autoload_at_line_9" classname="autoload_order_test" time="0.020">
		</testcase>
		<testcase name="test_mission_level_scripting_init_has_no_cross_autoload_references" classname="autoload_order_test" time="0.021">
		</testcase>
		<testcase name="test_mission_level_scripting_ready_connects_typed_callable_signals" classname="autoload_order_test" time="0.034">
		</testcase>
		<testcase name="test_mission_level_scripting_exit_tree_disconnects_with_guards" classname="autoload_order_test" time="0.021">
		</testcase>
		<testcase name="test_mission_level_scripting_load_order_after_failure_respawn" classname="autoload_order_test" time="0.014">
		</testcase>
	</testsuite>
	<testsuite id="42" name="supersede_cascade_test" package="tests/unit/feature/mission_level_scripting" timestamp="2026-05-03T04:14:15" hostname="localhost" tests="3" failures="0" errors="0" skipped="0" flaky="0" time="0.131">
		<testcase name="test_supersede_cascade_depth_2_fires_same_frame" classname="supersede_cascade_test" time="0.035">
		</testcase>
		<testcase name="test_supersede_cascade_self_supersede_logs_error_and_continues" classname="supersede_cascade_test" time="0.034">
		</testcase>
		<testcase name="test_supersede_cascade_depth_exceeds_max_aborts" classname="supersede_cascade_test" time="0.021">
		</testcase>
	</testsuite>
	<testsuite id="43" name="hud_core_subscription_lifecycle_test" package="tests/unit/feature/hud_core" timestamp="2026-05-03T04:14:15" hostname="localhost" tests="12" failures="0" errors="0" skipped="0" flaky="0" time="0.481">
		<testcase name="test_all_14_connections_established_after_ready" classname="hud_core_subscription_lifecycle_test" time="0.042">
		</testcase>
		<testcase name="test_all_14_disconnections_on_exit_tree" classname="hud_core_subscription_lifecycle_test" time="0.047">
		</testcase>
		<testcase name="test_no_connect_calls_outside_ready_in_hud_core_src" classname="hud_core_subscription_lifecycle_test" time="0.013">
		</testcase>
		<testcase name="test_no_double_connect_when_ready_runs_twice" classname="hud_core_subscription_lifecycle_test" time="0.047">
		</testcase>
		<testcase name="test_hud_core_emits_zero_events_signals" classname="hud_core_subscription_lifecycle_test" time="0.013">
		</testcase>
		<testcase name="test_hud_core_does_not_modify_input_context" classname="hud_core_subscription_lifecycle_test" time="0.014">
		</testcase>
		<testcase name="test_hud_core_does_not_poll_non_authorised_systems" classname="hud_core_subscription_lifecycle_test" time="0.020">
		</testcase>
		<testcase name="test_hud_core_does_not_connect_to_weapon_dry_fire_click" classname="hud_core_subscription_lifecycle_test" time="0.021">
		</testcase>
		<testcase name="test_hud_core_does_not_access_pc_properties_directly" classname="hud_core_subscription_lifecycle_test" time="0.013">
		</testcase>
		<testcase name="test_hud_core_has_no_save_load_registration" classname="hud_core_subscription_lifecycle_test" time="0.014">
		</testcase>
		<testcase name="test_hud_core_has_no_pillar_2_pillar_5_excluded_tokens" classname="hud_core_subscription_lifecycle_test" time="0.013">
		</testcase>
		<testcase name="test_hud_core_has_no_raw_tree_walk_singleton_lookups" classname="hud_core_subscription_lifecycle_test" time="0.013">
		</testcase>
	</testsuite>
	<testsuite id="44" name="hud_core_health_widget_test" package="tests/unit/feature/hud_core" timestamp="2026-05-03T04:14:16" hostname="localhost" tests="9" failures="0" errors="0" skipped="0" flaky="0" time="0.584">
		<testcase name="test_health_below_25_percent_triggers_alarm_orange_override" classname="hud_core_health_widget_test" time="0.050">
		</testcase>
		<testcase name="test_health_repeated_critical_emits_does_not_re_apply_override" classname="hud_core_health_widget_test" time="0.050">
		</testcase>
		<testcase name="test_health_recovery_above_25_percent_reverts_to_parchment" classname="hud_core_health_widget_test" time="0.050">
		</testcase>
		<testcase name="test_first_damage_event_fires_immediately_when_gate_open" classname="hud_core_health_widget_test" time="0.051">
		</testcase>
		<testcase name="test_second_damage_event_within_window_latches_pending_flash" classname="hud_core_health_widget_test" time="0.047">
		</testcase>
		<testcase name="test_photosensitivity_opt_out_suppresses_damage_flash" classname="hud_core_health_widget_test" time="0.052">
		</testcase>
		<testcase name="test_photosensitivity_opt_in_unsuppresses_flash" classname="hud_core_health_widget_test" time="0.051">
		</testcase>
		<testcase name="test_context_change_to_menu_hides_hud_and_safely_kills_tweens_when_null" classname="hud_core_health_widget_test" time="0.052">
		</testcase>
		<testcase name="test_context_change_back_to_gameplay_shows_hud" classname="hud_core_health_widget_test" time="0.051">
		</testcase>
	</testsuite>
	<testsuite id="45" name="hud_core_settings_memo_context_test" package="tests/unit/feature/hud_core" timestamp="2026-05-03T04:14:16" hostname="localhost" tests="10" failures="0" errors="0" skipped="0" flaky="0" time="0.649">
		<testcase name="test_crosshair_toggle_responds_to_crosshair_enabled_setting" classname="hud_core_settings_memo_context_test" time="0.050">
		</testcase>
		<testcase name="test_locale_change_invalidates_tr_caches" classname="hud_core_settings_memo_context_test" time="0.040">
		</testcase>
		<testcase name="test_unknown_category_setting_change_is_silently_ignored" classname="hud_core_settings_memo_context_test" time="0.054">
		</testcase>
		<testcase name="test_document_collected_renders_memo_and_starts_timer" classname="hud_core_settings_memo_context_test" time="0.052">
		</testcase>
		<testcase name="test_memo_timer_timeout_hides_prompt_label" classname="hud_core_settings_memo_context_test" time="0.052">
		</testcase>
		<testcase name="test_empty_document_id_payload_is_ignored_by_memo_handler" classname="hud_core_settings_memo_context_test" time="0.052">
		</testcase>
		<testcase name="test_context_change_to_menu_stops_process_and_all_timers" classname="hud_core_settings_memo_context_test" time="0.052">
		</testcase>
		<testcase name="test_context_restore_re_enables_process_and_visibility" classname="hud_core_settings_memo_context_test" time="0.051">
		</testcase>
		<testcase name="test_document_collected_signal_is_15th_connection" classname="hud_core_settings_memo_context_test" time="0.051">
		</testcase>
		<testcase name="test_document_collected_disconnects_on_exit_tree" classname="hud_core_settings_memo_context_test" time="0.051">
		</testcase>
	</testsuite>
	<testsuite id="46" name="hud_core_prompt_strip_test" package="tests/unit/feature/hud_core" timestamp="2026-05-03T04:14:17" hostname="localhost" tests="8" failures="0" errors="0" skipped="0" flaky="0" time="0.497">
		<testcase name="test_target_present_and_hand_free_shows_interact_prompt" classname="hud_core_prompt_strip_test" time="0.044">
		</testcase>
		<testcase name="test_no_target_hides_prompt" classname="hud_core_prompt_strip_test" time="0.054">
		</testcase>
		<testcase name="test_target_present_but_hand_busy_hides_prompt" classname="hud_core_prompt_strip_test" time="0.052">
		</testcase>
		<testcase name="test_null_pc_hides_prompt_and_does_not_crash" classname="hud_core_prompt_strip_test" time="0.051">
		</testcase>
		<testcase name="test_text_write_change_guard_skips_redundant_writes" classname="hud_core_prompt_strip_test" time="0.052">
		</testcase>
		<testcase name="test_freed_target_falls_to_hidden_state" classname="hud_core_prompt_strip_test" time="0.049">
		</testcase>
		<testcase name="test_get_prompt_label_returns_same_label_used_by_resolver" classname="hud_core_prompt_strip_test" time="0.051">
		</testcase>
		<testcase name="test_hud_core_only_calls_authorised_pc_methods" classname="hud_core_prompt_strip_test" time="0.014">
		</testcase>
	</testsuite>
	<testsuite id="47" name="hud_core_scaffold_test" package="tests/unit/feature/hud_core" timestamp="2026-05-03T04:14:18" hostname="localhost" tests="12" failures="0" errors="0" skipped="0" flaky="0" time="0.519">
		<testcase name="test_hud_core_root_is_canvas_layer_with_layer_index_one" classname="hud_core_scaffold_test" time="0.043">
		</testcase>
		<testcase name="test_hud_core_is_not_registered_as_autoload" classname="hud_core_scaffold_test" time="0.021">
		</testcase>
		<testcase name="test_hud_theme_loads_as_theme_resource" classname="hud_core_scaffold_test" time="0.014">
		</testcase>
		<testcase name="test_project_theme_loads" classname="hud_core_scaffold_test" time="0.013">
		</testcase>
		<testcase name="test_font_registry_at_22_px_returns_futura_branch" classname="hud_core_scaffold_test" time="0.013">
		</testcase>
		<testcase name="test_font_registry_at_15_px_returns_din_branch" classname="hud_core_scaffold_test" time="0.020">
		</testcase>
		<testcase name="test_font_registry_at_18_px_returns_futura_branch" classname="hud_core_scaffold_test" time="0.021">
		</testcase>
		<testcase name="test_font_registry_at_17_px_returns_din_branch" classname="hud_core_scaffold_test" time="0.014">
		</testcase>
		<testcase name="test_no_hardcoded_text_literals_in_hud_core_src" classname="hud_core_scaffold_test" time="0.014">
		</testcase>
		<testcase name="test_every_hud_control_has_mouse_filter_ignore_and_focus_none" classname="hud_core_scaffold_test" time="0.053">
		</testcase>
		<testcase name="test_hud_widget_tree_contains_all_required_widgets" classname="hud_core_scaffold_test" time="0.054">
		</testcase>
		<testcase name="test_hud_root_control_has_focus_disabled_recursively_meta" classname="hud_core_scaffold_test" time="0.053">
		</testcase>
	</testsuite>
	<testsuite id="48" name="anti_pattern_grep_test" package="tests/unit/foundation" timestamp="2026-05-03T04:14:18" hostname="localhost" tests="4" failures="0" errors="0" skipped="0" flaky="0" time="0.134">
		<testcase name="test_no_events_emit_wrapper_calls_in_src" classname="anti_pattern_grep_test" time="0.023">
		</testcase>
		<testcase name="test_no_enum_declarations_on_events_gd" classname="anti_pattern_grep_test" time="0.014">
		</testcase>
		<testcase name="test_events_gd_has_exactly_one_variant_annotation" classname="anti_pattern_grep_test" time="0.013">
		</testcase>
		<testcase name="test_events_gd_has_no_func_var_const_declarations" classname="anti_pattern_grep_test" time="0.014">
		</testcase>
	</testsuite>
	<testsuite id="49" name="localization_plural_forms_test" package="tests/unit/foundation" timestamp="2026-05-03T04:14:18" hostname="localhost" tests="8" failures="0" errors="0" skipped="0" flaky="0" time="0.269">
		<testcase name="test_plural_csv_row_has_required_columns_and_directive" classname="localization_plural_forms_test" time="0.021">
		</testcase>
		<testcase name="test_tr_n_count_zero_returns_no_documents_form" classname="localization_plural_forms_test" time="0.013">
		</testcase>
		<testcase name="test_tr_n_count_one_returns_singular_form" classname="localization_plural_forms_test" time="0.021">
		</testcase>
		<testcase name="test_tr_n_count_seven_format_returns_other_form_with_substitution" classname="localization_plural_forms_test" time="0.020">
		</testcase>
		<testcase name="test_tr_format_named_placeholder_substitution_substitutes_section_name" classname="localization_plural_forms_test" time="0.014">
		</testcase>
		<testcase name="test_tr_format_missing_placeholder_key_leaves_placeholder_intact" classname="localization_plural_forms_test" time="0.014">
		</testcase>
		<testcase name="test_no_positional_format_substitution_in_src_production_code" classname="localization_plural_forms_test" time="0.014">
		</testcase>
		<testcase name="test_godot_4_6_plural_api_smoke_distinct_strings_for_counts" classname="localization_plural_forms_test" time="0.021">
		</testcase>
	</testsuite>
	<testsuite id="50" name="signal_dispatch_continue_on_error_test" package="tests/unit/foundation" timestamp="2026-05-03T04:14:18" hostname="localhost" tests="3" failures="0" errors="0" skipped="0" flaky="0" time="0.108">
		<testcase name="test_normal_subscriber_runs_after_crashing_subscriber" classname="signal_dispatch_continue_on_error_test" time="0.024">
		</testcase>
		<testcase name="test_crashing_subscriber_runs_after_normal_subscriber" classname="signal_dispatch_continue_on_error_test" time="0.020">
		</testcase>
		<testcase name="test_two_crashing_subscribers_both_invoked" classname="signal_dispatch_continue_on_error_test" time="0.022">
		</testcase>
	</testsuite>
	<testsuite id="51" name="signal_dispatch_no_dedup_test" package="tests/unit/foundation" timestamp="2026-05-03T04:14:19" hostname="localhost" tests="4" failures="0" errors="0" skipped="0" flaky="0" time="0.141">
		<testcase name="test_two_distinct_emits_produce_two_ordered_invocations" classname="signal_dispatch_no_dedup_test" time="0.024">
		</testcase>
		<testcase name="test_two_identical_emits_produce_two_invocations_no_dedup" classname="signal_dispatch_no_dedup_test" time="0.021">
		</testcase>
		<testcase name="test_many_successive_emits_all_dispatch" classname="signal_dispatch_no_dedup_test" time="0.014">
		</testcase>
		<testcase name="test_two_recorders_each_get_two_invocations_on_two_emits" classname="signal_dispatch_no_dedup_test" time="0.014">
		</testcase>
	</testsuite>
	<testsuite id="52" name="subscriber_lifecycle_test" package="tests/unit/foundation" timestamp="2026-05-03T04:14:19" hostname="localhost" tests="7" failures="0" errors="0" skipped="0" flaky="0" time="0.235">
		<testcase name="test_subscriber_clean_lifecycle_does_not_target_freed_handler" classname="subscriber_lifecycle_test" time="0.015">
		</testcase>
		<testcase name="test_subscriber_reentrant_exit_tree_is_safe" classname="subscriber_lifecycle_test" time="0.014">
		</testcase>
		<testcase name="test_validity_guard_protects_against_collected_weakref" classname="subscriber_lifecycle_test" time="0.013">
		</testcase>
		<testcase name="test_validity_guard_runs_through_with_valid_payloads" classname="subscriber_lifecycle_test" time="0.021">
		</testcase>
		<testcase name="test_validity_guard_returns_early_on_null_node" classname="subscriber_lifecycle_test" time="0.021">
		</testcase>
		<testcase name="test_subscriber_template_connects_and_disconnects" classname="subscriber_lifecycle_test" time="0.014">
		</testcase>
		<testcase name="test_subscriber_template_handler_guards_freed_source" classname="subscriber_lifecycle_test" time="0.015">
		</testcase>
	</testsuite>
	<testsuite id="53" name="dismiss_order_lint_test" package="tests/unit/foundation" timestamp="2026-05-03T04:14:19" hostname="localhost" tests="2" failures="0" errors="0" skipped="0" flaky="0" time="0.239">
		<testcase name="test_dismiss_order_ci_script_passes" classname="dismiss_order_lint_test" time="0.191">
		</testcase>
		<testcase name="test_dismiss_order_ci_script_exists" classname="dismiss_order_lint_test" time="0.020">
		</testcase>
	</testsuite>
	<testsuite id="54" name="localization_locale_switch_test" package="tests/unit/foundation" timestamp="2026-05-03T04:14:19" hostname="localhost" tests="8" failures="0" errors="0" skipped="0" flaky="0" time="0.401">
		<testcase name="test_pattern_a_auto_translate_always_resolves_tr_key_at_default_locale" classname="localization_locale_switch_test" time="0.042">
		</testcase>
		<testcase name="test_pattern_a_re_renders_automatically_on_pseudo_locale_switch" classname="localization_locale_switch_test" time="0.048">
		</testcase>
		<testcase name="test_pattern_b_composed_label_renders_correctly_at_default_locale" classname="localization_locale_switch_test" time="0.034">
		</testcase>
		<testcase name="test_pattern_b_empty_value_composes_label_with_trailing_colon" classname="localization_locale_switch_test" time="0.034">
		</testcase>
		<testcase name="test_pattern_b_re_resolves_on_locale_switch_via_notification" classname="localization_locale_switch_test" time="0.055">
		</testcase>
		<testcase name="test_translatable_composed_label_documents_both_patterns" classname="localization_locale_switch_test" time="0.021">
		</testcase>
		<testcase name="test_no_cached_translation_at_ready_in_src" classname="localization_locale_switch_test" time="0.020">
		</testcase>
		<testcase name="test_auto_translate_mode_always_enum_value_is_one" classname="localization_locale_switch_test" time="0.021">
		</testcase>
	</testsuite>
	<testsuite id="55" name="events_autoload_registration_test" package="tests/unit/foundation" timestamp="2026-05-03T04:14:20" hostname="localhost" tests="2" failures="0" errors="0" skipped="0" flaky="0" time="0.077">
		<testcase name="test_events_autoload_is_registered_and_correct_type" classname="events_autoload_registration_test" time="0.027">
		</testcase>
		<testcase name="test_events_autoload_registered_at_line_one" classname="events_autoload_registration_test" time="0.021">
		</testcase>
	</testsuite>
	<testsuite id="56" name="save_load_service_load_test" package="tests/unit/foundation" timestamp="2026-05-03T04:14:20" hostname="localhost" tests="10" failures="0" errors="0" skipped="0" flaky="0" time="0.428">
		<testcase name="test_load_from_slot_happy_path_returns_save_game" classname="save_load_service_load_test" time="0.021">
		</testcase>
		<testcase name="test_load_from_slot_missing_file_emits_slot_not_found" classname="save_load_service_load_test" time="0.035">
		</testcase>
		<testcase name="test_load_from_slot_corrupt_bytes_emits_corrupt_file" classname="save_load_service_load_test" time="0.036">
		</testcase>
		<testcase name="test_load_from_slot_wrong_class_emits_corrupt_file" classname="save_load_service_load_test" time="0.034">
		</testcase>
		<testcase name="test_load_from_slot_older_version_emits_version_mismatch" classname="save_load_service_load_test" time="0.035">
		</testcase>
		<testcase name="test_load_from_slot_newer_version_emits_version_mismatch" classname="save_load_service_load_test" time="0.020">
		</testcase>
		<testcase name="test_load_from_slot_success_emits_game_loaded_with_slot" classname="save_load_service_load_test" time="0.035">
		</testcase>
		<testcase name="test_load_from_slot_round_trip_preserves_all_sub_resources" classname="save_load_service_load_test" time="0.021">
		</testcase>
[...]
		</testcase>
		<testcase name="test_tier_markers_constant_has_correct_count_and_values" classname="outline_compositor_pipeline_test" time="0.014">
		</testcase>
	</testsuite>
	<testsuite id="126" name="stealth_ai_perf_budget_test" package="tests/integration/feature/stealth_ai" timestamp="2026-05-03T04:14:39" hostname="localhost" tests="7" failures="0" errors="0" skipped="0" flaky="0" time="0.283">
		<testcase name="test_physics_backend_is_jolt_3d" classname="stealth_ai_perf_budget_test" time="0.014">
		</testcase>
		<testcase name="test_engine_version_is_4_6_or_later" classname="stealth_ai_perf_budget_test" time="0.021">
		</testcase>
		<testcase name="test_full_perception_loop_ordered_sequence_assertion" classname="stealth_ai_perf_budget_test" time="0.028">
		</testcase>
		<testcase name="test_has_los_to_player_does_not_issue_raycast_at_12_guard_scale" classname="stealth_ai_perf_budget_test" time="0.028">
		</testcase>
		<testcase name="test_perception_sub_budget_one_raycast_per_guard_per_frame" classname="stealth_ai_perf_budget_test" time="0.020">
		</testcase>
		<testcase name="test_advisory_perf_one_tick_across_12_guards_completes" classname="stealth_ai_perf_budget_test" time="0.035">
		</testcase>
		<testcase name="test_gradual_accumulator_rise_produces_stepped_transitions_not_jumps" classname="stealth_ai_perf_budget_test" time="0.034">
		</testcase>
	</testsuite>
	<testsuite id="127" name="stealth_ai_full_perception_loop_test" package="tests/integration/feature/stealth_ai" timestamp="2026-05-03T04:14:40" hostname="localhost" tests="4" failures="0" errors="0" skipped="0" flaky="0" time="0.170">
		<testcase name="test_full_loop_unaware_to_searching_fires_one_stinger" classname="stealth_ai_full_perception_loop_test" time="0.025">
		</testcase>
		<testcase name="test_full_loop_two_major_transitions_yield_two_stingers" classname="stealth_ai_full_perception_loop_test" time="0.034">
		</testcase>
		<testcase name="test_full_loop_de_escalation_does_not_play_stinger" classname="stealth_ai_full_perception_loop_test" time="0.021">
		</testcase>
		<testcase name="test_signal_frequency_normal_play_sanity_bound" classname="stealth_ai_full_perception_loop_test" time="0.035">
		</testcase>
	</testsuite>
	<testsuite id="128" name="stealth_ai_patrol_behavior_test" package="tests/integration/feature/stealth_ai" timestamp="2026-05-03T04:14:40" hostname="localhost" tests="6" failures="0" errors="0" skipped="0" flaky="0" time="0.208">
		<testcase name="test_start_patrol_dispatches_first_waypoint" classname="stealth_ai_patrol_behavior_test" time="0.021">
		</testcase>
		<testcase name="test_waypoint_advances_on_navigation_finished_signal" classname="stealth_ai_patrol_behavior_test" time="0.021">
		</testcase>
		<testcase name="test_patrol_wraps_to_first_waypoint_at_path_end" classname="stealth_ai_patrol_behavior_test" time="0.021">
		</testcase>
		<testcase name="test_stop_patrol_disconnects_signal_and_freezes_waypoint_advancement" classname="stealth_ai_patrol_behavior_test" time="0.021">
		</testcase>
		<testcase name="test_start_patrol_with_null_path_does_not_crash_or_patrol" classname="stealth_ai_patrol_behavior_test" time="0.021">
		</testcase>
		<testcase name="test_unaware_state_entry_invokes_patrol_controller_start_patrol" classname="stealth_ai_patrol_behavior_test" time="0.021">
		</testcase>
	</testsuite>
	<testsuite id="129" name="stealth_ai_pillar3_reversibility_test" package="tests/integration/feature/stealth_ai" timestamp="2026-05-03T04:14:40" hostname="localhost" tests="3" failures="0" errors="0" skipped="0" flaky="0" time="0.132">
		<testcase name="test_reversibility_suspicious_returns_to_unaware_after_no_stimulus_for_ten_seconds" classname="stealth_ai_pillar3_reversibility_test" time="0.027">
		</testcase>
		<testcase name="test_reversibility_accumulators_below_threshold_after_returning_to_unaware" classname="stealth_ai_pillar3_reversibility_test" time="0.034">
		</testcase>
		<testcase name="test_reversibility_patrol_behavior_resumes_after_returning_to_unaware" classname="stealth_ai_pillar3_reversibility_test" time="0.021">
		</testcase>
	</testsuite>
	<testsuite id="130" name="photosensitivity_kill_switch_test" package="tests/integration/feature/settings" timestamp="2026-05-03T04:14:40" hostname="localhost" tests="5" failures="0" errors="0" skipped="0" flaky="0" time="0.174">
		<testcase name="test_post_process_stack_glow_responds_to_damage_flash_enabled_emit" classname="photosensitivity_kill_switch_test" time="0.021">
		</testcase>
		<testcase name="test_non_accessibility_category_does_not_change_glow" classname="photosensitivity_kill_switch_test" time="0.021">
		</testcase>
		<testcase name="test_non_bool_damage_flash_value_does_not_change_glow" classname="photosensitivity_kill_switch_test" time="0.020">
		</testcase>
		<testcase name="test_irrelevant_accessibility_key_does_not_change_glow" classname="photosensitivity_kill_switch_test" time="0.014">
		</testcase>
		<testcase name="test_post_process_stack_handler_has_category_guard_first" classname="photosensitivity_kill_switch_test" time="0.013">
		</testcase>
	</testsuite>
	<testsuite id="131" name="audio_bus_apply_test" package="tests/integration/feature/settings" timestamp="2026-05-03T04:14:40" hostname="localhost" tests="5" failures="0" errors="0" skipped="0" flaky="0" time="0.286">
		<testcase name="test_master_volume_db_emit_applies_to_audio_server_master_bus" classname="audio_bus_apply_test" time="0.038">
		</testcase>
		<testcase name="test_silence_floor_db_value_mutes_bus" classname="audio_bus_apply_test" time="0.034">
		</testcase>
		<testcase name="test_above_zero_db_value_is_clamped_to_zero" classname="audio_bus_apply_test" time="0.049">
		</testcase>
		<testcase name="test_clock_tick_enabled_false_emit_sets_state_flag_to_false" classname="audio_bus_apply_test" time="0.035">
		</testcase>
		<testcase name="test_non_audio_non_accessibility_category_does_not_apply" classname="audio_bus_apply_test" time="0.048">
		</testcase>
	</testsuite>
	<testsuite id="132" name="plaza_objective_integration_test" package="tests/integration/feature/mission_level_scripting" timestamp="2026-05-03T04:14:41" hostname="localhost" tests="4" failures="0" errors="0" skipped="0" flaky="0" time="0.145">
		<testcase name="test_plaza_full_mission_loop_new_game_to_completed" classname="plaza_objective_integration_test" time="0.028">
		</testcase>
		<testcase name="test_plaza_mission_emits_silently_with_no_subscribers" classname="plaza_objective_integration_test" time="0.020">
		</testcase>
		<testcase name="test_mls_no_direct_external_system_references" classname="plaza_objective_integration_test" time="0.021">
		</testcase>
		<testcase name="test_mls_no_body_exited_subscriptions" classname="plaza_objective_integration_test" time="0.020">
		</testcase>
	</testsuite>
	<testsuite id="133" name="hud_core_vs_smoke_test" package="tests/integration/feature/hud_core" timestamp="2026-05-03T04:14:41" hostname="localhost" tests="7" failures="0" errors="0" skipped="0" flaky="0" time="0.359">
		<testcase name="test_hud_and_hss_coexist_in_scene_without_errors" classname="hud_core_vs_smoke_test" time="0.052">
		</testcase>
		<testcase name="test_hud_scene_tree_has_no_excluded_widget_names" classname="hud_core_vs_smoke_test" time="0.045">
		</testcase>
		<testcase name="test_damage_event_triggers_health_widget_flash" classname="hud_core_vs_smoke_test" time="0.045">
		</testcase>
		<testcase name="test_alert_followed_by_doc_collected_promotes_memo_after_alert_dismiss" classname="hud_core_vs_smoke_test" time="0.039">
		</testcase>
		<testcase name="test_ui_context_change_to_menu_hides_hud_and_clears_hss_state" classname="hud_core_vs_smoke_test" time="0.040">
		</testcase>
		<testcase name="test_hud_core_is_not_listed_as_autoload" classname="hud_core_vs_smoke_test" time="0.021">
		</testcase>
		<testcase name="test_hss_emits_zero_signals_after_all_three_stories" classname="hud_core_vs_smoke_test" time="0.014">
		</testcase>
	</testsuite>
	<testsuite id="134" name="event_logger_debug_test" package="tests/integration/foundation" timestamp="2026-05-03T04:14:41" hostname="localhost" tests="6" failures="0" errors="0" skipped="0" flaky="0" time="0.238">
		<testcase name="test_event_logger_subscribes_to_every_events_signal" classname="event_logger_debug_test" time="0.024">
		</testcase>
		<testcase name="test_event_logger_format_log_line_includes_signal_name" classname="event_logger_debug_test" time="0.021">
		</testcase>
		<testcase name="test_event_logger_format_log_line_includes_timestamp_prefix" classname="event_logger_debug_test" time="0.034">
		</testcase>
		<testcase name="test_event_logger_format_log_line_handles_no_payload_signal" classname="event_logger_debug_test" time="0.021">
		</testcase>
		<testcase name="test_event_logger_format_log_line_includes_log_prefix" classname="event_logger_debug_test" time="0.034">
		</testcase>
		<testcase name="test_event_logger_disconnects_in_exit_tree" classname="event_logger_debug_test" time="0.021">
		</testcase>
	</testsuite>
	<testsuite id="135" name="save_load_quicksave_test" package="tests/integration/foundation" timestamp="2026-05-03T04:14:41" hostname="localhost" tests="14" failures="0" errors="0" skipped="0" flaky="0" time="0.498">
		<testcase name="test_quicksave_gameplay_context_fires_save_and_emits_signals" classname="save_load_quicksave_test" time="0.021">
		</testcase>
		<testcase name="test_quicksave_settings_context_is_silent_noop" classname="save_load_quicksave_test" time="0.021">
		</testcase>
		<testcase name="test_quicksave_document_overlay_context_is_silent_noop" classname="save_load_quicksave_test" time="0.020">
		</testcase>
		<testcase name="test_quicksave_modal_context_is_silent_noop" classname="save_load_quicksave_test" time="0.021">
		</testcase>
		<testcase name="test_quicksave_loading_context_is_silent_noop" classname="save_load_quicksave_test" time="0.021">
		</testcase>
		<testcase name="test_quickload_empty_slot_emits_unavailable_toast" classname="save_load_quicksave_test" time="0.021">
		</testcase>
		<testcase name="test_quickload_occupied_slot_fires_game_loaded" classname="save_load_quicksave_test" time="0.021">
		</testcase>
		<testcase name="test_quickload_menu_context_occupied_slot_fires_game_loaded" classname="save_load_quicksave_test" time="0.021">
		</testcase>
		<testcase name="test_quicksave_debounce_drops_rapid_press_allows_after_window" classname="save_load_quicksave_test" time="0.020">
		</testcase>
		<testcase name="test_quicksave_debounce_gated_press_does_not_consume_window" classname="save_load_quicksave_test" time="0.021">
		</testcase>
		<testcase name="test_save_load_service_ready_body_has_no_input_context_reference" classname="save_load_quicksave_test" time="0.020">
		</testcase>
		<testcase name="test_quicksave_fire_and_forget_no_internal_queue" classname="save_load_quicksave_test" time="0.035">
		</testcase>
		<testcase name="test_quicksave_pause_context_fires_save" classname="save_load_quicksave_test" time="0.020">
		</testcase>
		<testcase name="test_events_declares_hud_toast_requested_signal" classname="save_load_quicksave_test" time="0.014">
		</testcase>
	</testsuite>
	<testsuite id="136" name="atomic_write_power_loss_test" package="tests/integration/foundation" timestamp="2026-05-03T04:14:42" hostname="localhost" tests="2" failures="0" errors="0" skipped="0" flaky="0" time="0.076">
		<testcase name="test_project_godot_autoload_line_3_is_save_load" classname="atomic_write_power_loss_test" time="0.028">
		</testcase>
		<testcase name="test_atomic_write_power_loss_previous_save_survives_and_new_save_clears_orphan" classname="atomic_write_power_loss_test" time="0.020">
		</testcase>
	</testsuite>
	<testsuite id="137" name="mouse_mode_restore_test" package="tests/integration/core/input" timestamp="2026-05-03T04:14:42" hostname="localhost" tests="4" failures="0" errors="0" skipped="0" flaky="0" time="0.159">
		<testcase name="test_mouse_mode_restored_after_menu_open_close_round_trip" classname="mouse_mode_restore_test" time="0.028">
		</testcase>
		<testcase name="test_without_subscriber_intent_is_not_auto_restored" classname="mouse_mode_restore_test" time="0.020">
		</testcase>
		<testcase name="test_multiple_open_close_cycles_all_restore_capture_intent" classname="mouse_mode_restore_test" time="0.035">
		</testcase>
		<testcase name="test_pc_fixture_disconnects_from_ui_context_changed_on_exit" classname="mouse_mode_restore_test" time="0.021">
		</testcase>
	</testsuite>
	<testsuite id="138" name="input_rebind_persistence_test" package="tests/integration/core/input" timestamp="2026-05-03T04:14:42" hostname="localhost" tests="4" failures="0" errors="0" skipped="0" flaky="0" time="0.145">
		<testcase name="test_write_then_load_reproduces_keycode" classname="input_rebind_persistence_test" time="0.028">
		</testcase>
		<testcase name="test_load_and_apply_to_input_map_makes_new_key_active" classname="input_rebind_persistence_test" time="0.021">
		</testcase>
		<testcase name="test_load_from_missing_cfg_returns_null" classname="input_rebind_persistence_test" time="0.021">
		</testcase>
		<testcase name="test_load_with_missing_action_in_cfg_returns_null" classname="input_rebind_persistence_test" time="0.013">
		</testcase>
	</testsuite>
	<testsuite id="139" name="loading_context_gate_test" package="tests/integration/core/input" timestamp="2026-05-03T04:14:42" hostname="localhost" tests="6" failures="0" errors="0" skipped="0" flaky="0" time="0.228">
		<testcase name="test_loading_enum_value_resolves_without_error" classname="loading_context_gate_test" time="0.021">
		</testcase>
		<testcase name="test_push_loading_executes_without_crash" classname="loading_context_gate_test" time="0.014">
		</testcase>
		<testcase name="test_fire_primary_does_not_fire_during_loading" classname="loading_context_gate_test" time="0.020">
		</testcase>
		<testcase name="test_quicksave_does_not_fire_during_loading" classname="loading_context_gate_test" time="0.035">
		</testcase>
		<testcase name="test_handlers_fire_normally_after_loading_pop" classname="loading_context_gate_test" time="0.021">
		</testcase>
		<testcase name="test_ui_context_changed_emits_on_loading_push_and_pop" classname="loading_context_gate_test" time="0.035">
		</testcase>
	</testsuite>
	<testsuite id="140" name="input_context_routing_test" package="tests/integration/core/input" timestamp="2026-05-03T04:14:43" hostname="localhost" tests="4" failures="0" errors="0" skipped="0" flaky="0" time="0.159">
		<testcase name="test_esc_in_gameplay_routes_to_pause" classname="input_context_routing_test" time="0.021">
		</testcase>
		<testcase name="test_esc_in_gameplay_does_not_trigger_dismiss" classname="input_context_routing_test" time="0.035">
		</testcase>
		<testcase name="test_esc_in_overlay_routes_to_dismiss" classname="input_context_routing_test" time="0.021">
		</testcase>
		<testcase name="test_pause_handler_gate_rejects_in_overlay_context" classname="input_context_routing_test" time="0.021">
		</testcase>
	</testsuite>
	<testsuite id="141" name="rebind_held_key_flush_test" package="tests/integration/core/input" timestamp="2026-05-03T04:14:43" hostname="localhost" tests="4" failures="0" errors="0" skipped="0" flaky="0" time="0.138">
		<testcase name="test_rebind_with_action_release_flushes_held_state" classname="rebind_held_key_flush_test" time="0.021">
		</testcase>
		<testcase name="test_new_key_activates_action_after_rebind_and_flush" classname="rebind_held_key_flush_test" time="0.013">
		</testcase>
		<testcase name="test_canonical_rebind_commit_sequence_completes_in_known_state" classname="rebind_held_key_flush_test" time="0.014">
		</testcase>
		<testcase name="test_erase_and_add_are_atomic_no_transient_unbind" classname="rebind_held_key_flush_test" time="0.013">
		</testcase>
	</testsuite>
	<testsuite id="142" name="esc_consume_before_pop_test" package="tests/integration/core/input" timestamp="2026-05-03T04:14:43" hostname="localhost" tests="2" failures="0" errors="0" skipped="0" flaky="0" time="0.093">
		<testcase name="test_correct_order_prevents_event_propagation_to_gameplay" classname="esc_consume_before_pop_test" time="0.024">
		</testcase>
		<testcase name="test_wrong_order_allows_event_propagation_to_gameplay_demonstrating_bug" classname="esc_consume_before_pop_test" time="0.035">
		</testcase>
	</testsuite>
	<testsuite id="143" name="rebind_round_trip_test" package="tests/integration/core/input" timestamp="2026-05-03T04:14:43" hostname="localhost" tests="2" failures="0" errors="0" skipped="0" flaky="0" time="0.076">
		<testcase name="test_full_round_trip_rebind_persist_clear_reload_verify" classname="rebind_round_trip_test" time="0.028">
		</testcase>
		<testcase name="test_round_trip_preserves_exact_keycode_value" classname="rebind_round_trip_test" time="0.021">
		</testcase>
	</testsuite>
	<testsuite id="144" name="dual_focus_dismiss_test" package="tests/integration/core/input" timestamp="2026-05-03T04:14:43" hostname="localhost" tests="4" failures="0" errors="0" skipped="0" flaky="0" time="0.157">
		<testcase name="test_dismiss_via_keyboard_esc" classname="dual_focus_dismiss_test" time="0.026">
		</testcase>
		<testcase name="test_dismiss_via_gamepad_b_button" classname="dual_focus_dismiss_test" time="0.021">
		</testcase>
		<testcase name="test_unrelated_mouse_click_does_not_dismiss" classname="dual_focus_dismiss_test" time="0.021">
		</testcase>
		<testcase name="test_dismiss_handler_gate_rejects_in_gameplay_context" classname="dual_focus_dismiss_test" time="0.034">
		</testcase>
	</testsuite>
	<testsuite id="145" name="player_camera_pitch_clamp_test" package="tests/integration/core/player_character" timestamp="2026-05-03T04:14:43" hostname="localhost" tests="2" failures="0" errors="0" skipped="0" flaky="0" time="0.110">
		<testcase name="test_player_camera_pitch_clamps_at_negative_85_degrees_when_looking_down" classname="player_camera_pitch_clamp_test" time="0.041">
		</testcase>
		<testcase name="test_player_camera_pitch_clamps_at_positive_85_degrees_when_looking_up" classname="player_camera_pitch_clamp_test" time="0.035">
		</testcase>
	</testsuite>
	<testsuite id="146" name="player_interact_flow_test" package="tests/integration/core/player_character" timestamp="2026-05-03T04:14:43" hostname="localhost" tests="6" failures="0" errors="0" skipped="0" flaky="0" time="1.156">
		<testcase name="test_interact_flow_hand_busy_lifecycle" classname="player_interact_flow_test" time="0.224">
		</testcase>
		<testcase name="test_interact_flow_emits_player_interacted_once_with_target" classname="player_interact_flow_test" time="0.234">
		</testcase>
		<testcase name="test_get_current_interact_target_matches_resolver" classname="player_interact_flow_test" time="0.062">
		</testcase>
		<testcase name="test_get_current_interact_target_null_with_no_targets" classname="player_interact_flow_test" time="0.062">
		</testcase>
		<testcase name="test_double_e_press_swallowed_during_busy_window" classname="player_interact_flow_test" time="0.234">
		</testcase>
		<testcase name="test_target_freed_mid_reach_emits_null" classname="player_interact_flow_test" time="0.235">
		</testcase>
	</testsuite>
	<testsuite id="147" name="player_camera_rotation_split_test" package="tests/integration/core/player_character" timestamp="2026-05-03T04:14:45" hostname="localhost" tests="3" failures="0" errors="0" skipped="0" flaky="0" time="0.179">
		<testcase name="test_player_yaw_input_rotates_body_not_camera" classname="player_camera_rotation_split_test" time="0.047">
		</testcase>
		<testcase name="test_player_pitch_input_rotates_camera_not_body" classname="player_camera_rotation_split_test" time="0.034">
		</testcase>
		<testcase name="test_player_yaw_input_does_not_modify_camera_pitch" classname="player_camera_rotation_split_test" time="0.048">
		</testcase>
	</testsuite>
</testsuites>
